=====================================================================
== C:\bluefang\servers\server11884\arma3server.exe
== C:\bluefang\servers\server11884\arma3server.exe -ip=104.243.44.138 -port=21234 -config=server.cfg -profiles=Profile

Original output filename: Arma3Retail_Server
Exe timestamp: 2015/12/15 16:30:43
Current time:  2016/01/24 23:49:51

Type: Public
Build: Stable
Version: 1.54.133741

Allocator: C:\bluefang\servers\server11884\dll\tbb4malloc_bi.dll
=====================================================================

23:49:51 SteamAPI initialization failed. Steam features wont's be accessible!
23:50:00 Updating base class ->Base, by a3\dubbing_radio_f\config.bin/CfgHQIdentities/PAPA_BEAR/
23:50:00 Updating base class ->Base, by a3\dubbing_radio_f\config.bin/CfgHQIdentities/AirBase/
23:50:00 Updating base class RscShortcutButton->RscButton, by a3\editor_f\config.bin/RscDisplayEditObject/Controls/B_OK/
23:50:00 Updating base class RscSliderH->RscXSliderH, by a3\editor_f\config.bin/RscDisplayEditObject/Slider/
23:50:00 Updating base class RscText->RscPicture, by a3\editor_f\config.bin/RscDisplayEditObject/Preview/
23:50:00 Updating base class RscShortcutButton->RscButton, by a3\editor_f\config.bin/RscDisplayMissionLoad/Controls/B_OK/
23:50:00 Updating base class RscShortcutButton->RscButton, by a3\editor_f\config.bin/RscDisplayMissionSave/Controls/B_OK/
23:50:00 Updating base class ->RscControlsGroup, by a3\ui_f\config.bin/RscControlsGroupNoScrollbars/
23:50:00 Updating base class ->RscControlsGroup, by a3\ui_f\config.bin/RscControlsGroupNoHScrollbars/
23:50:00 Updating base class ->RscControlsGroup, by a3\ui_f\config.bin/RscControlsGroupNoVScrollbars/
23:50:00 Updating base class ->RscText, by a3\ui_f\config.bin/RscLine/
23:50:00 Updating base class ->RscActiveText, by a3\ui_f\config.bin/RscActivePicture/
23:50:00 Updating base class ->RscButton, by a3\ui_f\config.bin/RscButtonTextOnly/
23:50:00 Updating base class ->RscShortcutButton, by a3\ui_f\config.bin/RscShortcutButtonMain/
23:50:00 Updating base class ->RscShortcutButton, by a3\ui_f\config.bin/RscButtonEditor/
23:50:00 Updating base class ->RscShortcutButton, by a3\ui_f\config.bin/RscIGUIShortcutButton/
23:50:00 Updating base class ->RscShortcutButton, by a3\ui_f\config.bin/RscGearShortcutButton/
23:50:00 Updating base class ->RscShortcutButton, by a3\ui_f\config.bin/RscButtonMenu/
23:50:00 Updating base class ->RscButtonMenu, by a3\ui_f\config.bin/RscButtonMenuOK/
23:50:00 Updating base class ->RscButtonMenu, by a3\ui_f\config.bin/RscButtonMenuCancel/
23:50:00 Updating base class ->RscButtonMenu, by a3\ui_f\config.bin/RscButtonMenuSteam/
23:50:00 Updating base class ->RscText, by a3\ui_f\config.bin/RscLoadingText/
23:50:00 Updating base class ->RscListBox, by a3\ui_f\config.bin/RscIGUIListBox/
23:50:00 Updating base class ->RscListNBox, by a3\ui_f\config.bin/RscIGUIListNBox/
23:50:00 Updating base class ->RscText, by a3\ui_f\config.bin/RscBackground/
23:50:00 Updating base class ->RscText, by a3\ui_f\config.bin/RscBackgroundGUI/
23:50:00 Updating base class ->RscPicture, by a3\ui_f\config.bin/RscBackgroundGUILeft/
23:50:00 Updating base class ->RscPicture, by a3\ui_f\config.bin/RscBackgroundGUIRight/
23:50:00 Updating base class ->RscPicture, by a3\ui_f\config.bin/RscBackgroundGUIBottom/
23:50:00 Updating base class ->RscText, by a3\ui_f\config.bin/RscBackgroundGUITop/
23:50:00 Updating base class ->RscText, by a3\ui_f\config.bin/RscBackgroundGUIDark/
23:50:00 Updating base class ->RscPictureKeepAspect, by a3\ui_f\config.bin/RscBackgroundLogo/
23:50:00 Updating base class ->RscMapControl, by a3\ui_f\config.bin/RscMapControlEmpty/
23:50:00 Updating base class ->RscPicture, by a3\ui_f\config.bin/CA_Mainback/
23:50:00 Updating base class ->CA_Mainback, by a3\ui_f\config.bin/CA_Back/
23:50:00 Updating base class ->CA_Mainback, by a3\ui_f\config.bin/CA_Title_Back/
23:50:00 Updating base class ->CA_Mainback, by a3\ui_f\config.bin/CA_Black_Back/
23:50:00 Updating base class ->RscTitle, by a3\ui_f\config.bin/CA_Title/
23:50:00 Updating base class ->RscPictureKeepAspect, by a3\ui_f\config.bin/CA_Logo/
23:50:00 Updating base class ->CA_Logo, by a3\ui_f\config.bin/CA_Logo_Small/
23:50:00 Updating base class ->RscButton, by a3\ui_f\config.bin/CA_RscButton/
23:50:00 Updating base class ->CA_RscButton, by a3\ui_f\config.bin/CA_RscButton_dialog/
23:50:00 Updating base class ->RscActiveText, by a3\ui_f\config.bin/CA_Ok/
23:50:00 Updating base class ->RscText, by a3\ui_f\config.bin/CA_Ok_image/
23:50:00 Updating base class ->RscText, by a3\ui_f\config.bin/CA_Ok_image2/
23:50:00 Updating base class ->RscText, by a3\ui_f\config.bin/CA_Ok_text/
23:50:00 Updating base class ->RscPicture, by a3\ui_f\config.bin/RscVignette/
23:50:00 Updating base class ->RscControlsGroupNoScrollbars, by a3\ui_f\config.bin/RscMapControlTooltip/
23:50:00 Updating base class RscUnitInfo->RscUnitInfoAirNoWeapon, by a3\ui_f\config.bin/RscInGameUI/RscUnitInfoAir/
23:50:00 Updating base class RscShortcutButton->RscButtonMenu, by a3\ui_f\config.bin/RscDisplayDebug/Controls/B_OK/
23:50:00 Updating base class RscShortcutButton->RscButtonMenu, by a3\ui_f\config.bin/RscDisplayDebug/Controls/B_Cancel/
23:50:00 Updating base class RscShortcutButton->RscButtonMenu, by a3\ui_f\config.bin/RscDisplayDebug/Controls/B_Clear/
23:50:00 Updating base class ->RscText, by a3\ui_f\config.bin/RscDisplayCapture/controls/TimeLines/
23:50:00 Updating base class RscShortcutButton->RscButtonMenu, by a3\ui_f\config.bin/RscDisplayCapture/controls/ButtonAverages/
23:50:00 Updating base class RscShortcutButton->RscButtonMenu, by a3\ui_f\config.bin/RscDisplayCapture/controls/ButtonSavePreviousData/
23:50:00 Updating base class RscShortcutButton->RscButtonMenu, by a3\ui_f\config.bin/RscDisplayCapture/controls/ButtonPreviousData/
23:50:00 Updating base class RscControlsGroup->RscControlsGroupNoHScrollbars, by a3\ui_f\config.bin/RscDisplayMain/controls/ModIcons/
23:50:00 Updating base class RscPicture->RscPictureKeepAspect, by a3\ui_f\config.bin/RscDisplayMain/IconPicture/
23:50:00 Updating base class IconPicture->RscPictureKeepAspect, by a3\ui_f\config.bin/RscDisplayMain/DlcOwnedIconPicture/
23:50:00 Updating base class IconPicture->RscPictureKeepAspect, by a3\ui_f\config.bin/RscDisplayMain/DlcIconPicture/
23:50:00 Updating base class RscListBox->RscCombo, by a3\ui_f\config.bin/RscDisplayCustomizeController/Steepness/
23:50:00 Updating base class ->RscStandardDisplay, by a3\ui_f\config.bin/RscDisplayControlSchemes/
23:50:00 Updating base class ButtonOK->RscButtonMenuCancel, by a3\ui_f\config.bin/RscDisplayControlSchemes/controls/ButtonCancel/
23:50:00 Updating base class RscButton->RscButtonMenuOK, by a3\ui_f\config.bin/RscDisplayControlSchemes/controls/ButtonOK/
23:50:00 Updating base class RscPicture->RscPictureKeepAspect, by a3\ui_f\config.bin/RscDisplayFileSelectImage/controls/OverviewPicture/
23:50:00 Updating base class RscShortcutButton->RscButtonMenuCancel, by a3\ui_f\config.bin/RscDisplayFieldManual/controls/ButtonCancel/
23:50:00 Cannot delete class B_KickOff, it is referenced somewhere (used as a base class probably).
23:50:00 Updating base class RscButton->RscButtonMenuCancel, by a3\ui_f\config.bin/RscDisplayPublishMission/controls/ButtonCancel/
23:50:00 Updating base class RscShortcutButton->RscButtonMenuOK, by a3\ui_f\config.bin/RscDisplayPublishMissionSelectTags/controls/ButtonOK/
23:50:00 Updating base class ButtonOK->RscButtonMenuCancel, by a3\ui_f\config.bin/RscDisplayPublishMissionSelectTags/controls/ButtonCancel/
23:50:00 Updating base class ->RscSubmenu, by a3\ui_f\config.bin/RscMainMenu/
23:50:00 Cannot update non class from class a3\ui_f\config.bin/RscCallSupport/Items/
23:50:00 Cannot update non class from class a3\ui_f\config.bin/RscRadio/Items/
23:50:00 Updating base class RscStandardDisplay->, by a3\ui_f_mp_mark\config.bin/RscDisplayRespawn/
23:50:00 Updating base class ->GrenadeLauncher, by a3\weapons_f\config.bin/cfgWeapons/UGL_F/
23:50:00 Updating base class ->Rifle, by a3\weapons_f\config.bin/cfgWeapons/Rifle_Base_F/
23:50:00 Updating base class ->SlotInfo, by a3\weapons_f_mark\config.bin/UnderBarrelSlot/
23:50:01 Texture header "a3\missions_f_exp_a\data\img\marksmen_scenario02_overview_ca.paa" already in the manager and new header is different! Removing header from the manager.
23:50:01 Texture header "a3\missions_f_exp_a\data\img\marksmen_scenario03_overview_ca.paa" already in the manager and new header is different! Removing header from the manager.
23:50:01 ragdollHitDmgLimit (0.000000) is lower than minimum (0.010000) and it was set to min.
23:50:01 Initializing Steam Manager
23:50:01 Steam Manager initialized.
23:50:01 
23:50:01 ==== Loaded addons ====
23:50:01 
23:50:01 dta\bin.pbo - unknown
23:50:01 dta\core.pbo - 84186
23:50:01 dta\languagecore_f.pbo - 90788
23:50:01 C:\bluefang\servers\server11884\@life_server\addons\life_server.pbo - unknown
23:50:01 C:\bluefang\servers\server11884\@infiSTAR_A3\addons\a3_infistar.pbo - unknown
23:50:01 C:\bluefang\servers\server11884\mark\addons\anims_f_mark.pbo - 87643
23:50:01 C:\bluefang\servers\server11884\mark\addons\characters_f_mark.pbo - 87766
23:50:01 C:\bluefang\servers\server11884\mark\addons\data_f_mark.pbo - 84958
23:50:01 C:\bluefang\servers\server11884\mark\addons\dubbing_f_mark.pbo - 81923
23:50:01 C:\bluefang\servers\server11884\mark\addons\dubbing_f_mp_mark.pbo - 81923
23:50:01 C:\bluefang\servers\server11884\mark\addons\functions_f_mark.pbo - 89836
23:50:01 C:\bluefang\servers\server11884\mark\addons\functions_f_mp_mark.pbo - 89727
23:50:01 C:\bluefang\servers\server11884\mark\addons\languagemissions_f_mark.pbo - 90154
23:50:01 C:\bluefang\servers\server11884\mark\addons\languagemissions_f_mp_mark.pbo - 90154
23:50:01 C:\bluefang\servers\server11884\mark\addons\language_f_mark.pbo - 90137
23:50:01 C:\bluefang\servers\server11884\mark\addons\language_f_mp_mark.pbo - 90137
23:50:01 C:\bluefang\servers\server11884\mark\addons\missions_f_mark.pbo - 86807
23:50:01 C:\bluefang\servers\server11884\mark\addons\missions_f_mark_data.pbo - 88838
23:50:01 C:\bluefang\servers\server11884\mark\addons\missions_f_mark_video.pbo - 81429
23:50:01 C:\bluefang\servers\server11884\mark\addons\missions_f_mp_mark.pbo - 89854
23:50:01 C:\bluefang\servers\server11884\mark\addons\missions_f_mp_mark_data.pbo - 90131
23:50:01 C:\bluefang\servers\server11884\mark\addons\modules_f_mark.pbo - 81710
23:50:01 C:\bluefang\servers\server11884\mark\addons\modules_f_mp_mark.pbo - 90253
23:50:01 C:\bluefang\servers\server11884\mark\addons\music_f_mark.pbo - 81958
23:50:01 C:\bluefang\servers\server11884\mark\addons\music_f_mark_music.pbo - 81930
23:50:01 C:\bluefang\servers\server11884\mark\addons\sounds_f_mark.pbo - 89184
23:50:01 C:\bluefang\servers\server11884\mark\addons\static_f_mark.pbo - 84104
23:50:01 C:\bluefang\servers\server11884\mark\addons\structures_f_mark.pbo - 88393
23:50:01 C:\bluefang\servers\server11884\mark\addons\supplies_f_mark.pbo - 79552
23:50:01 C:\bluefang\servers\server11884\mark\addons\ui_f_mark.pbo - 84397
23:50:01 C:\bluefang\servers\server11884\mark\addons\ui_f_mp_mark.pbo - 89077
23:50:01 C:\bluefang\servers\server11884\mark\addons\weapons_f_mark.pbo - 89288
23:50:01 C:\bluefang\servers\server11884\heli\addons\air_f_heli.pbo - 88401
23:50:01 C:\bluefang\servers\server11884\heli\addons\anims_f_heli.pbo - 80475
23:50:01 C:\bluefang\servers\server11884\heli\addons\boat_f_heli.pbo - 88261
23:50:01 C:\bluefang\servers\server11884\heli\addons\cargoposes_f_heli.pbo - 89489
23:50:01 C:\bluefang\servers\server11884\heli\addons\data_f_heli.pbo - 87643
23:50:01 C:\bluefang\servers\server11884\heli\addons\dubbing_f_heli.pbo - 75138
23:50:01 C:\bluefang\servers\server11884\heli\addons\functions_f_heli.pbo - 87176
23:50:01 C:\bluefang\servers\server11884\heli\addons\languagemissions_f_heli.pbo - 90151
23:50:01 C:\bluefang\servers\server11884\heli\addons\language_f_heli.pbo - 90135
23:50:01 C:\bluefang\servers\server11884\heli\addons\missions_f_heli.pbo - 89582
23:50:01 C:\bluefang\servers\server11884\heli\addons\missions_f_heli_data.pbo - 75977
23:50:01 C:\bluefang\servers\server11884\heli\addons\missions_f_heli_video.pbo - 75065
23:50:01 C:\bluefang\servers\server11884\heli\addons\modules_f_heli.pbo - 87759
23:50:01 C:\bluefang\servers\server11884\heli\addons\music_f_heli.pbo - 87643
23:50:01 C:\bluefang\servers\server11884\heli\addons\music_f_heli_music.pbo - 87643
23:50:01 C:\bluefang\servers\server11884\heli\addons\soft_f_heli.pbo - 82564
23:50:01 C:\bluefang\servers\server11884\heli\addons\sounds_f_heli.pbo - 79398
23:50:01 C:\bluefang\servers\server11884\heli\addons\structures_f_heli.pbo - 88707
23:50:01 C:\bluefang\servers\server11884\heli\addons\supplies_f_heli.pbo - 89173
23:50:01 C:\bluefang\servers\server11884\heli\addons\ui_f_heli.pbo - 76986
23:50:01 C:\bluefang\servers\server11884\kart\addons\anims_f_kart.pbo - 80475
23:50:01 C:\bluefang\servers\server11884\kart\addons\characters_f_kart.pbo - 87805
23:50:01 C:\bluefang\servers\server11884\kart\addons\data_f_kart.pbo - 84958
23:50:01 C:\bluefang\servers\server11884\kart\addons\languagemissions_f_kart.pbo - 90154
23:50:01 C:\bluefang\servers\server11884\kart\addons\language_f_kart.pbo - 90135
23:50:01 C:\bluefang\servers\server11884\kart\addons\missions_f_kart.pbo - 89758
23:50:01 C:\bluefang\servers\server11884\kart\addons\missions_f_kart_data.pbo - 75687
23:50:01 C:\bluefang\servers\server11884\kart\addons\modules_f_kart.pbo - 86933
23:50:01 C:\bluefang\servers\server11884\kart\addons\modules_f_kart_data.pbo - 74588
23:50:01 C:\bluefang\servers\server11884\kart\addons\soft_f_kart.pbo - 88426
23:50:01 C:\bluefang\servers\server11884\kart\addons\sounds_f_kart.pbo - 79398
23:50:01 C:\bluefang\servers\server11884\kart\addons\structures_f_kart.pbo - 88393
23:50:01 C:\bluefang\servers\server11884\kart\addons\ui_f_kart.pbo - 73106
23:50:01 C:\bluefang\servers\server11884\kart\addons\weapons_f_kart.pbo - 83573
23:50:01 C:\bluefang\servers\server11884\curator\addons\data_f_curator.pbo - 84958
23:50:01 C:\bluefang\servers\server11884\curator\addons\functions_f_curator.pbo - 86837
23:50:01 C:\bluefang\servers\server11884\curator\addons\language_f_curator.pbo - 90133
23:50:01 C:\bluefang\servers\server11884\curator\addons\missions_f_curator.pbo - 89107
23:50:01 C:\bluefang\servers\server11884\curator\addons\modules_f_curator.pbo - 90088
23:50:01 C:\bluefang\servers\server11884\curator\addons\ui_f_curator.pbo - 90180
23:50:01 addons\a3.pbo - unknown
23:50:01 addons\air_f.pbo - 88337
23:50:01 addons\air_f_beta.pbo - 88256
23:50:01 addons\air_f_epb.pbo - 86810
23:50:01 addons\air_f_epc.pbo - 89315
23:50:01 addons\air_f_gamma.pbo - 89315
23:50:01 addons\animals_f.pbo - 88948
23:50:01 addons\animals_f_beta.pbo - 88949
23:50:01 addons\anims_f.pbo - 90876
23:50:01 addons\anims_f_bootcamp.pbo - 88948
23:50:01 addons\anims_f_data.pbo - 90994
23:50:01 addons\anims_f_epa.pbo - 89360
23:50:01 addons\anims_f_epc.pbo - 79126
23:50:01 addons\anims_f_exp_a.pbo - 89148
23:50:01 addons\armor_f.pbo - 82564
23:50:01 addons\armor_f_beta.pbo - 86856
23:50:01 addons\armor_f_epb.pbo - 86110
23:50:01 addons\armor_f_epc.pbo - 86840
23:50:01 addons\armor_f_gamma.pbo - 86121
23:50:01 addons\baseconfig_f.pbo - 73106
23:50:01 addons\boat_f.pbo - 88259
23:50:01 addons\boat_f_beta.pbo - 88261
23:50:01 addons\boat_f_epc.pbo - 89049
23:50:01 addons\boat_f_gamma.pbo - 88260
23:50:01 addons\cargoposes_f.pbo - 89336
23:50:01 addons\characters_f.pbo - 90080
23:50:01 addons\characters_f_beta.pbo - 87767
23:50:01 addons\characters_f_bootcamp.pbo - 87769
23:50:01 addons\characters_f_epa.pbo - 87767
23:50:01 addons\characters_f_epb.pbo - 87767
23:50:01 addons\characters_f_epc.pbo - 87767
23:50:01 addons\characters_f_gamma.pbo - 87766
23:50:01 addons\data_f.pbo - 91002
23:50:01 addons\data_f_bootcamp.pbo - 88074
23:50:01 addons\data_f_exp_a.pbo - 89062
23:50:01 addons\data_f_exp_b.pbo - 86189
23:50:01 addons\drones_f.pbo - 88544
23:50:01 addons\dubbing_f.pbo - 73106
23:50:01 addons\dubbing_f_beta.pbo - 73106
23:50:01 addons\dubbing_f_bootcamp.pbo - 87093
23:50:01 addons\dubbing_f_epa.pbo - 73106
23:50:01 addons\dubbing_f_epb.pbo - 76110
23:50:01 addons\dubbing_f_epc.pbo - 87001
23:50:01 addons\dubbing_f_gamma.pbo - 73106
23:50:01 addons\dubbing_radio_f.pbo - 89312
23:50:01 addons\dubbing_radio_f_data_eng.pbo - 89121
23:50:01 addons\dubbing_radio_f_data_engb.pbo - 89130
23:50:01 addons\dubbing_radio_f_data_gre.pbo - 89130
23:50:01 addons\dubbing_radio_f_data_per.pbo - 89130
23:50:01 addons\dubbing_radio_f_data_vr.pbo - 89130
23:50:01 addons\editor_f.pbo - 82563
23:50:01 addons\functions_f.pbo - 90854
23:50:01 addons\functions_f_bootcamp.pbo - 90131
23:50:01 addons\functions_f_epa.pbo - 84402
23:50:01 addons\functions_f_epc.pbo - 84400
23:50:01 addons\functions_f_exp_a.pbo - 90131
23:50:01 addons\languagemissions_f.pbo - 90138
23:50:01 addons\languagemissions_f_beta.pbo - 90138
23:50:01 addons\languagemissions_f_bootcamp.pbo - 90138
23:50:01 addons\languagemissions_f_epa.pbo - 90138
23:50:01 addons\languagemissions_f_epb.pbo - 90139
23:50:01 addons\languagemissions_f_epc.pbo - 90143
23:50:01 addons\languagemissions_f_exp_a.pbo - 90145
23:50:01 addons\languagemissions_f_gamma.pbo - 90148
23:50:01 addons\language_f.pbo - 90131
23:50:01 addons\language_f_beta.pbo - 90133
23:50:01 addons\language_f_bootcamp.pbo - 90133
23:50:01 addons\language_f_epa.pbo - 90133
23:50:01 addons\language_f_epb.pbo - 90134
23:50:01 addons\language_f_epc.pbo - 90135
23:50:01 addons\language_f_exp_a.pbo - 90135
23:50:01 addons\language_f_gamma.pbo - 90135
23:50:01 addons\map_altis.pbo - 90788
23:50:01 addons\map_altis_data.pbo - 89494
23:50:01 addons\map_altis_data_layers.pbo - 88773
23:50:01 addons\map_altis_data_layers_00_00.pbo - 88773
23:50:01 addons\map_altis_data_layers_00_01.pbo - 88773
23:50:01 addons\map_altis_data_layers_01_00.pbo - 88773
23:50:01 addons\map_altis_data_layers_01_01.pbo - 88773
23:50:01 addons\map_altis_scenes_f.pbo - 73106
23:50:01 addons\map_data.pbo - 89207
23:50:01 addons\map_stratis.pbo - 89277
23:50:01 addons\map_stratis_data.pbo - 89242
23:50:01 addons\map_stratis_data_layers.pbo - 89343
23:50:01 addons\map_stratis_scenes_f.pbo - 73106
23:50:01 addons\map_vr.pbo - 90059
23:50:01 addons\map_vr_scenes_f.pbo - 82252
23:50:01 addons\misc_f.pbo - 85025
23:50:01 addons\missions_f.pbo - 89118
23:50:01 addons\missions_f_beta.pbo - 90059
23:50:01 addons\missions_f_beta_data.pbo - 85005
23:50:01 addons\missions_f_beta_video.pbo - 73106
23:50:01 addons\missions_f_bootcamp.pbo - 89836
23:50:01 addons\missions_f_bootcamp_data.pbo - 72362
23:50:01 addons\missions_f_bootcamp_video.pbo - 75065
23:50:01 addons\missions_f_data.pbo - 73106
23:50:01 addons\missions_f_epa.pbo - 90317
23:50:01 addons\missions_f_epa_data.pbo - 73106
23:50:01 addons\missions_f_epa_video.pbo - 73106
23:50:01 addons\missions_f_epb.pbo - 89713
23:50:01 addons\missions_f_epb_data.pbo - 73106
23:50:01 addons\missions_f_epb_video.pbo - 73106
23:50:01 addons\missions_f_epc.pbo - 89644
23:50:01 addons\missions_f_epc_data.pbo - 84724
23:50:01 addons\missions_f_epc_video.pbo - 84725
23:50:01 addons\missions_f_exp_a.pbo - 89975
23:50:01 addons\missions_f_exp_a_data.pbo - 90131
23:50:01 addons\missions_f_gamma.pbo - 87683
23:50:01 addons\missions_f_gamma_data.pbo - 86243
23:50:01 addons\missions_f_gamma_video.pbo - 73106
23:50:01 addons\missions_f_video.pbo - 73106
23:50:01 addons\modules_f.pbo - 88899
23:50:01 addons\modules_f_beta.pbo - 86933
23:50:01 addons\modules_f_beta_data.pbo - 80976
23:50:01 addons\modules_f_bootcamp.pbo - 89147
23:50:01 addons\modules_f_data.pbo - 85167
23:50:01 addons\modules_f_epb.pbo - 87643
23:50:01 addons\modules_f_exp_a.pbo - 88829
23:50:01 addons\music_f.pbo - 73106
23:50:01 addons\music_f_bootcamp.pbo - 73106
23:50:01 addons\music_f_bootcamp_music.pbo - 73106
23:50:01 addons\music_f_epa.pbo - 73106
23:50:01 addons\music_f_epa_music.pbo - 73106
23:50:01 addons\music_f_epb.pbo - 73106
23:50:01 addons\music_f_epb_music.pbo - 73106
23:50:01 addons\music_f_epc.pbo - 87643
23:50:01 addons\music_f_epc_music.pbo - 73106
23:50:01 addons\music_f_music.pbo - 73106
23:50:01 addons\plants_f.pbo - 88907
23:50:01 addons\props_f_exp_a.pbo - 88816
23:50:01 addons\roads_f.pbo - 88389
23:50:01 addons\rocks_f.pbo - 88391
23:50:01 addons\signs_f.pbo - 88240
23:50:01 addons\soft_f.pbo - 88735
23:50:01 addons\soft_f_beta.pbo - 89976
23:50:01 addons\soft_f_bootcamp.pbo - 85752
23:50:01 addons\soft_f_epc.pbo - 88812
23:50:01 addons\soft_f_gamma.pbo - 89836
23:50:01 addons\sounds_f.pbo - 89836
23:50:01 addons\sounds_f_arsenal.pbo - 90180
23:50:01 addons\sounds_f_bootcamp.pbo - 82576
23:50:01 addons\sounds_f_characters.pbo - 90106
23:50:01 addons\sounds_f_environment.pbo - 88851
23:50:01 addons\sounds_f_epb.pbo - 88761
23:50:01 addons\sounds_f_epc.pbo - 86933
23:50:01 addons\sounds_f_exp_a.pbo - 88829
23:50:01 addons\sounds_f_sfx.pbo - 88881
23:50:01 addons\sounds_f_vehicles.pbo - 89294
23:50:01 addons\sounds_f_weapons.pbo - 84865
23:50:01 addons\static_f.pbo - 85125
23:50:01 addons\static_f_beta.pbo - 79398
23:50:01 addons\static_f_gamma.pbo - 82090
23:50:01 addons\structures_f.pbo - 89516
23:50:01 addons\structures_f_bootcamp.pbo - 88393
23:50:01 addons\structures_f_data.pbo - 88393
23:50:01 addons\structures_f_epa.pbo - 88393
23:50:01 addons\structures_f_epb.pbo - 88761
23:50:01 addons\structures_f_epc.pbo - 88393
23:50:01 addons\structures_f_exp_a.pbo - 88816
23:50:01 addons\structures_f_households.pbo - 88393
23:50:01 addons\structures_f_ind.pbo - 88393
23:50:01 addons\structures_f_mil.pbo - 89836
23:50:01 addons\structures_f_wrecks.pbo - 88393
23:50:01 addons\uifonts_f.pbo - 87643
23:50:01 addons\uifonts_f_data.pbo - 73106
23:50:01 addons\ui_f.pbo - 90200
23:50:01 addons\ui_f_bootcamp.pbo - 76325
23:50:01 addons\ui_f_data.pbo - 90198
23:50:01 addons\ui_f_exp_a.pbo - 89891
23:50:01 addons\weapons_f.pbo - 90180
23:50:01 addons\weapons_f_beta.pbo - 88797
23:50:01 addons\weapons_f_bootcamp.pbo - 86841
23:50:01 addons\weapons_f_epa.pbo - 83667
23:50:01 addons\weapons_f_epb.pbo - 80958
23:50:01 addons\weapons_f_epc.pbo - 80374
23:50:01 addons\weapons_f_gamma.pbo - 89424
23:50:01 
23:50:01 =======================
23:50:01 
23:50:01 ============================================================================================= List of mods ===============================================================================================
23:50:01 modsReadOnly = true
23:50:01 safeModsActivated = false
23:50:01 customMods = true
23:50:01 hash = 'BB31192CF747B3EABCB0897E765365DBB79A960C'
23:50:01 hashShort = '11f83795'
23:50:01                                               name |               modDir |    default |               origin |                                     hash | hashShort | fullPath
23:50:01 ----------------------------------------------------------------------------------------------------------------------------------------------------------------------------------------------------------
23:50:01                                       @life_server |         @life_server |      false |             GAME DIR | 93b18ce557d4f1acb2c7a4eaba4d8fc5ad75e3a9 |  67967cbc | C:\bluefang\servers\server11884\@life_server
23:50:01                                       @infiSTAR_A3 |         @infiSTAR_A3 |      false |             GAME DIR | 23b3799683c93420b3251914ee368313850016a3 |  ebc15c3c | C:\bluefang\servers\server11884\@infiSTAR_A3
23:50:01                                            @extDB2 |              @extDB2 |      false |             GAME DIR |                                          |           | C:\bluefang\servers\server11884\@extDB2
23:50:01                                  Arma 3 DLC Bundle |            dlcbundle |       true |            NOT FOUND |                                          |           | 
23:50:01                                    Arma 3 Marksmen |                 mark |       true |             GAME DIR | bca3f585133621c38245a861ea0e695aa5f1d151 |  98bd0c48 | C:\bluefang\servers\server11884\mark
23:50:01                                 Arma 3 Helicopters |                 heli |       true |             GAME DIR | 41e93958bcee08e6e6275a458a506af9d0d25ab6 |   6558b1b | C:\bluefang\servers\server11884\heli
23:50:01                                       Arma 3 Karts |                 kart |       true |             GAME DIR | 4ec5b8ee3e065dc60dc98d30e948796fc01e89df |  120b6924 | C:\bluefang\servers\server11884\kart
23:50:01                                        Arma 3 Zeus |              curator |       true |             GAME DIR | 8f6f1df09c4707fa080e397861ca67fb1a7d1f09 |  fef5ffff | C:\bluefang\servers\server11884\curator
23:50:01                                             Arma 3 |                   A3 |       true |            NOT FOUND |                                          |           | 
23:50:01 ==========================================================================================================================================================================================================
23:50:01 InitSound ...
23:50:01 InitSound - complete
23:50:01 PhysX3 SDK Init started ...
23:50:01 PhysX3 SDK Init ended.
23:50:02 Attempt to override final function - rscminimap_script
23:50:02 Attempt to override final function - rscdisplayloading_script
23:50:02 Attempt to override final function - rscdisplayloading_script
23:50:02 Attempt to override final function - rscdisplayloading_script
23:50:02 Attempt to override final function - rscdiary_script
23:50:02 Attempt to override final function - rscdisplaysinglemission_script
23:50:02 Attempt to override final function - rscdiary_script
23:50:02 Attempt to override final function - rscdisplayremotemissions_script
23:50:02 Attempt to override final function - rscdisplayloading_script
23:50:02 Attempt to override final function - rscdiary_script
23:50:02 Attempt to override final function - rscdiary_script
23:50:02 Attempt to override final function - rscdisplaystrategicmap_script
23:50:02 Attempt to override final function - rscdisplaycommon_script
23:50:02 Attempt to override final function - rscdisplaygarage_script
23:50:02 Attempt to override final function - rscdisplayloading_script
23:50:02 Attempt to override final function - rscdisplaycurator_script
23:50:02 Attempt to override final function - rscdisplayattributes_script
23:50:02 Attempt to override final function - rscdisplayattributes_script
23:50:02 Attempt to override final function - rscdisplayattributes_script
23:50:02 Attempt to override final function - rscdisplaycommon_script
23:50:02 Attempt to override final function - rscdisplaydebriefing_script
23:50:02 Attempt to override final function - rscunitinfo_script
23:50:02 Attempt to override final function - rscunitinfo_script
23:50:02 Attempt to override final function - rscunitinfo_script
23:50:02 Attempt to override final function - rscunitinfo_script
23:50:02 Attempt to override final function - rscunitinfo_script
23:50:02 Attempt to override final function - rscunitinfo_script
23:50:02 Attempt to override final function - rscunitinfo_script
23:50:02 Attempt to override final function - rscunitinfo_script
23:50:02 Attempt to override final function - rscunitinfo_script
23:50:02 Attempt to override final function - rscunitinfo_script
23:50:02 Attempt to override final function - rscunitinfo_script
23:50:02 Attempt to override final function - rscunitinfo_script
23:50:02 Attempt to override final function - rscunitinfo_script
23:50:02 Attempt to override final function - rscunitinfo_script
23:50:02 Attempt to override final function - rscunitinfo_script
23:50:02 Attempt to override final function - rscunitinfo_script
23:50:02 Attempt to override final function - rscunitinfo_script
23:50:02 Attempt to override final function - rscunitinfo_script
23:50:02 Attempt to override final function - rscunitinfo_script
23:50:02 Attempt to override final function - rscunitinfo_script
23:50:02 Attempt to override final function - rscunitinfo_script
23:50:02 Attempt to override final function - rscunitinfo_script
23:50:02 Attempt to override final function - rscunitinfo_script
23:50:02 Attempt to override final function - rscunitinfo_script
23:50:02 Attempt to override final function - rscunitinfo_script
23:50:02 Attempt to override final function - rscunitinfo_script
23:50:02 Attempt to override final function - rscunitinfo_script
23:50:02 Attempt to override final function - rscunitinfo_script
23:50:02 Attempt to override final function - rscunitinfo_script
23:50:02 Attempt to override final function - rscunitinfo_script
23:50:02 Attempt to override final function - rscunitinfo_script
23:50:02 Attempt to override final function - rscunitinfo_script
23:50:02 Attempt to override final function - rscunitinfo_script
23:50:02 Attempt to override final function - rscunitinfo_script
23:50:02 Attempt to override final function - rscunitinfo_script
23:50:02 Attempt to override final function - rscunitinfo_script
23:50:02 Attempt to override final function - rscunitinfo_script
23:50:02 Attempt to override final function - rscunitinfo_script
23:50:02 Attempt to override final function - rscunitinfo_script
23:50:02 Attempt to override final function - rscunitinfo_script
23:50:02 Attempt to override final function - rscunitinfo_script
23:50:02 Attempt to override final function - rscunitinfo_script
23:50:02 Attempt to override final function - rscunitinfo_script
23:50:02 Attempt to override final function - rscunitinfo_script
23:50:02 Attempt to override final function - rscunitinfo_script
23:50:02 Attempt to override final function - rscunitinfo_script
23:50:02 Attempt to override final function - rscunitinfo_script
23:50:02 Attempt to override final function - rscunitinfo_script
23:50:02 Attempt to override final function - rscunitinfo_script
23:50:02 Attempt to override final function - rscunitinfo_script
23:50:02 Attempt to override final function - rscunitinfo_script
23:50:02 Attempt to override final function - rscunitinfo_script
23:50:02 Attempt to override final function - rscunitinfo_script
23:50:02 Attempt to override final function - rscunitinfo_script
23:50:02 Attempt to override final function - rscunitinfo_script
23:50:02 Attempt to override final function - rscunitinfo_script
23:50:02 Attempt to override final function - rscunitinfo_script
23:50:02 Attempt to override final function - rscunitinfo_script
23:50:03 Initializing Steam server - Game Port: 21234, Steam Query Port: 21235
23:50:04 Connected to Steam servers
23:51:06 Unsupported language English in stringtable
23:51:06 Unsupported language English in stringtable
23:51:08 Server error: Player without identity [AS] Apollo (id 284704439)
23:51:08 Server error: Player without identity [AS] Apollo (id 284704439)
23:51:08 Server error: Player without identity [AS] Apollo (id 284704439)
23:51:08 Server error: Player without identity [AS] Apollo (id 284704439)
23:51:08 Server error: Player without identity [AS] Apollo (id 284704439)
23:51:08 Server error: Player without identity [AS] Apollo (id 284704439)
23:51:08 Server error: Player without identity [AS] Apollo (id 284704439)
23:51:08 Server error: Player without identity [AS] Apollo (id 284704439)
23:51:08 Server error: Player without identity [AS] Apollo (id 284704439)
23:51:08 Server error: Player without identity [AS] Apollo (id 284704439)
23:51:08 Server error: Player without identity [AS] Apollo (id 284704439)
23:51:08 Server error: Player without identity [AS] Apollo (id 284704439)
23:51:08 Server error: Player without identity [AS] Apollo (id 284704439)
23:51:08 Server error: Player without identity [AS] Apollo (id 284704439)
23:51:16 Starting mission:
23:51:16  Mission file: Altis_Life (__cur_mp)
23:51:16  Mission world: Altis
23:51:16  Mission directory: mpmissions\__cur_mp.Altis\
23:51:24 Attempt to override final function - bis_functions_list
23:51:24 Attempt to override final function - bis_functions_listpreinit
23:51:24 Attempt to override final function - bis_functions_listpostinit
23:51:24 Attempt to override final function - bis_functions_listrecompile
23:51:24 Attempt to override final function - bis_fnc_missiontaskslocal
23:51:24 Attempt to override final function - bis_fnc_missionconversationslocal
23:51:24 Attempt to override final function - bis_fnc_missionflow
23:51:24 "<infiSTAR.de> 0 - run.sqf - finaled EPOCH_server_isPAdmin: {true}"
23:51:24 "<infiSTAR.de> 0 - run.sqf - including AntiHack"
23:51:24 "<infiSTAR.de> VERSION: 15012016 infiSTAR.de AHAT (v0228B)"
23:51:24 "<infiSTAR.de> 0 - STARTING"
23:51:24 Attempt to override final function - bis_fnc_call
23:51:24 Attempt to override final function - bis_fnc_spawn
23:51:24 Attempt to override final function - bis_fnc_parsenumber
23:51:24 "<infiSTAR.de> _fnc_RandomGen: {  _fnc_actualGen = {   _abc = ['z','y','x','w','v','u','t','s','r','q','p','o','n','m','l','k','j','i','h','g','f','e','d','c','b','a'];   _gen = _abc select (random ((count _abc)-1));   _arr = ['U','A','U','3','j','Y','m','q','g','p','H','b','c','b','d','g','c','F','n','l','B','9','k','b','w','I','R','C','P','0'];   _randmax = {((round(random _randminval)) + (round(random _randmaxval))) max _randminval};   for '_i' from 0 to (call _randmax)do   {    _gen = _gen + str(round(random 9)) + (_arr select (random ((count _arr)-1)));   };  };  _gen = '';  while{_gen=='' || _gen in _allRandomGenVars}do{   call _fnc_actualGen;  };  _allRandomGenVars pushBack _gen;  _gen }"
23:51:24 Unable to get file version size: .\ARMA_LOG.dll
23:51:24 "<infiSTAR.de>RandomVarLog| ----START-LINE----   (15012016-v0228B) (v0228B)"
23:51:24 "<infiSTAR.de>RandomVarLog| _adminbox: n8l7b7n6U1g1b6p7F2R7c1w7k8n3d1U6g9A7U1g (v0228B)"
23:51:24 "<infiSTAR.de>RandomVarLog| _fnc_mpPackets: p9P1R7b7C309g1b6Y6R6c5n2d7g6b236b7H (v0228B)"
23:51:24 "<infiSTAR.de>RandomVarLog| _FNC_AH1567_KICKLOG: f8c534b7n4q6B8C7A6c4B (v0228B)"
23:51:24 "<infiSTAR.de>RandomVarLog| _FNC_AH1567_KICKLOGSPAWN: i7n5b1F3n8I5b4I5d3k8d7g8n8g5q (v0228B)"
23:51:24 "<infiSTAR.de>RandomVarLog| _FNC_PVAH_AdminReq: l2b2H4k0U5g0U5F9c2C3R0w7c7B (v0228B)"
23:51:24 "<infiSTAR.de>RandomVarLog| _BigTokenArray: k9b7C8R397U7Y8B1U (v0228B)"
23:51:24 "<infiSTAR.de>RandomVarLog| _connectedArray: o236w7w2k0n1k5H4b3Y7Y0P9U8g (v0228B)"
23:51:24 "<infiSTAR.de>RandomVarLog| _tokenSentArray: j8q991k2B4b7l9R3k8b3R5F4g8A1U1j (v0228B)"
23:51:24 "<infiSTAR.de>RandomVarLog| _server_setTokenR: h6A4p2I5U2F8b3g2b0P7B6R5P4c638R0g (v0228B)"
23:51:24 "<infiSTAR.de>RandomVarLog| _fnc_pvc_token: o6I4b2m5g2b3q9b4b6F334g7g2U8I1j4g4Y899j (v0228B)"
23:51:24 "<infiSTAR.de>RandomVarLog| _server_checkTokenR: b5b5q6c6I5b5n3c4n2b3g3Y (v0228B)"
23:51:24 "<infiSTAR.de>RandomVarLog| _YourPlayerToken: w1A59303B9R2j099m (v0228B)"
23:51:24 "<infiSTAR.de>RandomVarLog| _TokenCT: w1b3n5R9P5C4d735B531n134c (v0228B)"
23:51:24 "<infiSTAR.de>RandomVarLog| _AH_MAIN_BLOCK: h0F4c4P591k2g0q8I8g1g2q1m7c4H1C9m (v0228B)"
23:51:24 "<infiSTAR.de>RandomVarLog| _AHKickOFF: m2n8g2A6g2q8w5R7b (v0228B)"
23:51:24 "<infiSTAR.de>RandomVarLog| _AH1567KICKLOG: w697c4m5j7C1b2m3363908P (v0228B)"
23:51:24 "<infiSTAR.de>RandomVarLog| _FiredCheck: u4c1H9F437d4c69703R3g1A5b4k5q7H5Y9B4q7j8R3F (v0228B)"
23:51:24 "<infiSTAR.de>RandomVarLog| _clientdo: e4p8b3A6w7j4I403j8b9b3d6b4b3C7g (v0228B)"
23:51:24 "<infiSTAR.de>RandomVarLog| _AH_RunCheckENDVAR: l8Y6g03498g8F1b8U7b9p4g2c (v0228B)"
23:51:24 "<infiSTAR.de>RandomVarLog| _AH_HackLogArrayRND: r3P8p3U3F6j1Y6I7b9p7A7w2j8R7l1U3j6d (v0228B)"
23:51:24 "<infiSTAR.de>RandomVarLog| _AH_SurvLogArrayRND: s9j2Y7F6b7c3b4I6w8n5k0C2P9H (v0228B)"
23:51:24 "<infiSTAR.de>RandomVarLog| _AH_AdmiLogArrayRND: l5b8I3c4b2g5F5U502p8q4Y8p694b9F5P8p0P0n7d1b (v0228B)"
23:51:24 "<infiSTAR.de>RandomVarLog| _TMPBAN: q4Y5b5c0q1d8U3A7c (v0228B)"
23:51:24 "<infiSTAR.de>RandomVarLog| _massMessage: p3c5g8j4n2l2Y4d7c0q0b9k3q0b7p5R (v0228B)"
23:51:24 "<infiSTAR.de>RandomVarLog| _massSysMessage: t0p6c8g4k4Y5j8U6U (v0228B)"
23:51:24 "<infiSTAR.de>RandomVarLog| _AHpos: n2c4p8q7g892w8c8d4F1k8R2C3g6U1c (v0228B)"
23:51:24 "<infiSTAR.de>RandomVarLog| _ninetwo: v5Y6w6w8m2q9F5w1b5B6I6U1b (v0228B)"
23:51:24 "<infiSTAR.de>RandomVarLog| _ninetwothread: h4C7k2b2A3B6H2c2c9B3n (v0228B)"
23:51:24 "<infiSTAR.de>RandomVarLog| _adminsA: j7m9c6A2b1C4P7A7g (v0228B)"
23:51:24 "<infiSTAR.de>RandomVarLog| _MC: b9b2j4I6U5A7b7q4P7c9H7c7R (v0228B)"
23:51:24 "<infiSTAR.de>RandomVarLog| _MCS: n6n2B1P4I8d7H2d3U3U732p7q4Y6g5n8n0j2b5U3F7g6b0P (v0228B)"
23:51:24 "<infiSTAR.de>RandomVarLog| _oneachframe: m9q8p3g9k6m7b6U1c (v0228B)"
23:51:24 "<infiSTAR.de>RandomVarLog| _checkidicheckcheck: t4j5p833C4l4H8l3B3I0C8g2n299b5q9n7g1B7F89 (v0228B)"
23:51:24 "<infiSTAR.de>RandomVarLog| _lastshotmade: j9b7P2q6P5d2Y4n6B (v0228B)"
23:51:24 "<infiSTAR.de>RandomVarLog| _dellocveh: i630q1b8k2g1n4A2m6B5d7B6q9b1b1U1c1g (v0228B)"
23:51:24 "<infiSTAR.de>RandomVarLog| _inCombatTime: o4g8d7b4m6d3q9I8R9g234w4C (v0228B)"
23:51:24 "<infiSTAR.de>RandomVarLog| _inCombatArray: x8g7I0U7n2b5n2C9l2p8j7c6c4q3g (v0228B)"
23:51:24 "<infiSTAR.de>RandomVarLog| _fnc_infiKeyHandler: y333A3w3I995g0q1g2d9n5I1b8q0c2q3l4d7m1b (v0228B)"
23:51:24 "<infiSTAR.de>RandomVarLog| _ButtonDownCnt: x5b6c1c7p3p3q438q5I8g2B2Y9R (v0228B)"
23:51:24 "<infiSTAR.de>RandomVarLog| _ButtonDownTime: h3B3l5d3b3b5d7F0C3U9d7b0n8R (v0228B)"
23:51:24 "<infiSTAR.de>RandomVarLog| _clickOnMapTimer: n1c3k036g7q8p803w (v0228B)"
23:51:24 "<infiSTAR.de>RandomVarLog| _clickOnMapCaught: c3g8R0B6m5k4q5Y5n6H8n4c4g1w9n2p8B (v0228B)"
23:51:24 "<infiSTAR.de>RandomVarLog| _MAKE_VAR_DUMP_RANDOM: r0I0Y5w5n4p8U2j6c8U6R1A335n735R0c5l504b9I7b (v0228B)"
23:51:24 "<infiSTAR.de>RandomVarLog| _MAKE_VAR_DUMP_CLIENT: l5P0F4R633m4b8k4m4m398b5m533k5c3q (v0228B)"
23:51:24 "<infiSTAR.de>RandomVarLog| _DUMPINGPLAYERUIDARRAY: b9d7n6b2d5I7q0k8g137A5p0c2P5c0j2l9b1g49 (v0228B)"
23:51:24 "<infiSTAR.de>RandomVarLog| _CURRENTLYDUMPING: l6g3U4q5I0j5R1b4d4c5C3b6R (v0228B)"
23:51:24 "<infiSTAR.de>RandomVarLog| _customcommandingMenu: s8R3b3g0n4g1j5p1C8U7H (v0228B)"
23:51:24 "<infiSTAR.de>RandomVarLog| _customcommandingMenuOpen: p3b5j2l5b5d4b8U0F (v0228B)"
23:51:24 "<infiSTAR.de>RandomVarLog| _LogicVariable: h1c2R5U7C0l3w3g2U7j4d3k6q2R (v0228B)"
23:51:24 "<infiSTAR.de>RandomVarLog| _antiantihack_rndvar: k2B2b8c6c339Y3R2p891b (v0228B)"
23:51:24 "<infiSTAR.de>RandomVarLog| _t1: l2l8U8g3C4p5C2m1B5H2U7k4C (v0228B)"
23:51:24 "<infiSTAR.de>RandomVarLog| _t2: e2A9k502b8g1c0b30336b0U3F (v0228B)"
23:51:24 "<infiSTAR.de>RandomVarLog| _t3: i6c9A1k2j2U806n5n (v0228B)"
23:51:24 "<infiSTAR.de>RandomVarLog| _t4: w3R5n6p0B4b9U3l6b6R5Y3g6m (v0228B)"
23:51:24 "<infiSTAR.de>RandomVarLog| _t5: i5U4m432A8j1I6n1g591P7U3P0R4b5n5I4R6k (v0228B)"
23:51:24 "<infiSTAR.de>RandomVarLog| _t6: n2w1j0P6b6R2Y3c9B1g7R2b098Y994A8l7A (v0228B)"
23:51:24 "<infiSTAR.de>RandomVarLog| _t7: s1p7Y3P3c8I4n1Y5U (v0228B)"
23:51:24 "<infiSTAR.de>RandomVarLog| _t8: d8j4I137g3w3b4k9p5k197A0R (v0228B)"
23:51:24 "<infiSTAR.de>RandomVarLog| _t9: h5Y1d6g698I8c2k2l6R705R6b7C1B3Y9C2b (v0228B)"
23:51:24 "<infiSTAR.de>RandomVarLog| _t10: d2l7U7B2d636p235c7d7c3B8P4b4n (v0228B)"
23:51:24 "<infiSTAR.de>RandomVarLog| _t11: u0I891m2l1b8p4c1w5c2B434b1c7c2I2B7A5U1b3k (v0228B)"
23:51:24 "<infiSTAR.de>RandomVarLog| _t12: e792c5g6c7H7b0I003w2k2w7U7I7C1g7g (v0228B)"
23:51:24 "<infiSTAR.de>RandomVarLog| _t13: h6b5P1j795g4Y208A8b4P9C4k4m1w0U8g636p (v0228B)"
23:51:24 "<infiSTAR.de>RandomVarLog| _t14: c5g5U6R1H8g4c702H (v0228B)"
23:51:24 "<infiSTAR.de>RandomVarLog| _t15: x9c5U5H8P8H0b6I6j (v0228B)"
23:51:24 "<infiSTAR.de>RandomVarLog| _t16: k6b5n0I1b4k3U6c6j2k7b2j2P2b (v0228B)"
23:51:24 "<infiSTAR.de>RandomVarLog| _t17: o303w7A8w6d1R2d8g (v0228B)"
23:51:24 "<infiSTAR.de>RandomVarLog| _t18: z6c1U0p6Y7w1b3g3k3R2b4k0I1c2b (v0228B)"
23:51:24 "<infiSTAR.de>RandomVarLog| _AH1567_KICKLOG: PVAHR_3a5p4a5h3h6b6t2r (v0228B)"
23:51:24 "<infiSTAR.de>RandomVarLog| _RequestToken: PVAHR_2u2k3l1z4d2k (v0228B)"
23:51:24 "<infiSTAR.de>RandomVarLog| ----END-LINE----   (15012016-v0228B) (v0228B)"
23:51:24 "<infiSTAR.de> 0 - loading AntiHack.."
23:51:24 "<infiSTAR.de> 0 - Thread MAIN: starting!"
23:51:24 "<infiSTAR.de> 0 - Thread MAIN: loading...!"
23:51:24 "<infiSTAR.de> 0 - Thread MAIN: compiling and/or sending none-threaded code!"
23:51:24 "<infiSTAR.de> 0 - Thread MAIN: none-threaded code compiled and/or sent!"
23:51:24 "<infiSTAR.de> 0 - AntiHack loaded!"
23:51:24 "<infiSTAR.de> 0 - run.sqf - AntiHack included!"
23:51:24 "<infiSTAR.de> 0 - run.sqf - including AdminTools"
23:51:24 "<infiSTAR.de> 0 - run.sqf - AdminTools included!"
23:51:28 No speaker given for Imre Ibori
23:51:29 No speaker given for Oringo Ekwensi
23:51:29 No speaker given for Shaan Igwe
23:51:29 No speaker given for Callum Bennett
23:51:29 No speaker given for Hamidi Okonkwo
23:51:29 No speaker given for Pan Han
23:51:29 soldier[B_diver_F]:Some of magazines weren't stored in soldier Vest or Uniform?
23:51:29 No speaker given for Lucas Clarke
23:51:29 No speaker given for Ian Lee
23:51:29 No speaker given for Max Robertson
23:51:29 No speaker given for Jack Jones
23:51:29 No speaker given for Teshi Osmani
23:51:29 No speaker given for Adam Anderson
23:51:29 No speaker given for George Bennett
23:51:29 No speaker given for Shawn Martinez
23:51:29 No speaker given for Wu Yeung
23:51:29 No speaker given for Liang Sun
23:51:29 No speaker given for Ryan White
23:51:29 No speaker given for Oliver Taylor
23:51:29 No speaker given for David Bennett
23:51:29 No speaker given for Tan Sun
23:51:29 No speaker given for David Smith
23:51:29 No speaker given for Luke Halliwell
23:51:29 No speaker given for Harrison Burr
23:51:29 soldier[B_diver_F]:Some of magazines weren't stored in soldier Vest or Uniform?
23:51:29 No speaker given for Fred Davis
23:51:29 No speaker given for Omari Egwu
23:51:29 No speaker given for Colin Johnson
23:51:29 No speaker given for Keith MacDonald
23:51:29 No speaker given for Geoff Faulkner
23:51:29 No speaker given for Paul Taylor
23:51:29 No speaker given for Dwan Newton
23:51:29 Strange convex component322 in a3\structures_f\research\dome_big_f.p3d:geometryFire
23:51:29 Strange convex component327 in a3\structures_f\research\dome_big_f.p3d:geometryFire
23:51:30 "<infiSTAR.de> 0 - Thread #1: Server Loop #1 starting now!"
23:51:30 "<infiSTAR.de> 0 - Thread #1: Server Loop #1 looping now!"
23:51:30 Error: Object(2 : 5) not found
23:51:30 Error: Object(2 : 7) not found
23:51:30 Error: Object(2 : 9) not found
23:51:30 Error: Object(2 : 11) not found
23:51:30 Error: Object(2 : 16) not found
23:51:30 Error: Object(2 : 98) not found
23:51:30 c:\w\stable\futura\lib\network\networkserver.cpp NetworkServer::OnClientStateChanged:NOT IMPLEMENTED - briefing!
23:51:30 "extDB2: Connected to Database"
23:51:30 "extDB2: uiSleep [4]: 98.228"
23:51:30 "extDB2: uiSleep [4]: 98.228"
23:51:30 "extDB2: uiSleep [4]: 98.228"
23:51:30 "extDB2: uiSleep [4]: 98.228"
23:51:30 "extDB2: uiSleep [4]: 98.228"
23:51:30 "extDB2: uiSleep [4]: 98.231"
23:51:30 "extDB2: uiSleep [4]: 98.231"
23:51:30 "extDB2: uiSleep [4]: 98.231"
23:51:30 "extDB2: uiSleep [4]: 98.231"
23:51:30 "extDB2: uiSleep [4]: 98.231"
23:51:30 "extDB2: uiSleep [4]: 98.231"
23:51:30 "extDB2: uiSleep [4]: 98.231"
23:51:30 "extDB2: uiSleep [4]: 98.231"
23:51:30 "extDB2: uiSleep [4]: 98.231"
23:51:30 "extDB2: uiSleep [4]: 98.231"
23:51:30 "extDB2: uiSleep [4]: 98.231"
23:51:30 "extDB2: uiSleep [4]: 98.231"
23:51:30 "extDB2: uiSleep [4]: 98.231"
23:51:30 "extDB2: uiSleep [4]: 98.231"
23:51:30 "extDB2: uiSleep [4]: 98.231"
23:51:30 "extDB2: uiSleep [4]: 98.231"
23:51:30 "extDB2: uiSleep [4]: 98.231"
23:51:30 "extDB2: uiSleep [4]: 98.231"
23:51:30 "extDB2: uiSleep [4]: 98.231"
23:51:30 "extDB2: uiSleep [4]: 98.231"
23:51:30 "extDB2: uiSleep [4]: 98.231"
23:51:30 "extDB2: uiSleep [4]: 98.231"
23:51:30 "extDB2: uiSleep [4]: 98.231"
23:51:30 "extDB2: uiSleep [4]: 98.231"
23:52:57 "extDB2: uiSleep [4]: 185.946"
23:52:57 "extDB2: uiSleep [4]: 185.946"
23:52:57 "extDB2: uiSleep [4]: 185.946"
23:52:57 "extDB2: uiSleep [4]: 185.946"
23:52:57 "extDB2: uiSleep [4]: 185.946"
23:52:57 "extDB2: uiSleep [4]: 185.946"
23:52:57 "extDB2: uiSleep [4]: 185.946"
23:52:57 "extDB2: uiSleep [4]: 185.946"
23:52:57 "extDB2: uiSleep [4]: 185.946"
23:52:57 "extDB2: uiSleep [4]: 185.946"
23:52:57 "extDB2: uiSleep [4]: 185.946"
23:52:57 "extDB2: uiSleep [4]: 185.946"
23:52:57 "extDB2: uiSleep [4]: 185.946"
23:52:57 "extDB2: uiSleep [4]: 185.946"
23:52:57 "extDB2: uiSleep [4]: 185.946"
23:52:57 "extDB2: uiSleep [4]: 185.946"
23:52:57 "extDB2: uiSleep [4]: 185.946"
23:52:57 "extDB2: uiSleep [4]: 185.946"
23:52:57 "extDB2: uiSleep [4]: 185.946"
23:52:57 "extDB2: uiSleep [4]: 185.946"
23:52:57 "extDB2: uiSleep [4]: 185.946"
23:52:57 "extDB2: uiSleep [4]: 185.946"
23:52:57 "extDB2: uiSleep [4]: 185.946"
23:52:57 "extDB2: uiSleep [4]: 185.946"
23:52:57 "extDB2: uiSleep [4]: 185.946"
23:52:57 "extDB2: uiSleep [4]: 185.946"
23:52:57 "extDB2: uiSleep [4]: 185.946"
23:52:57 "------------- Client Query Request -------------"
23:52:57 "QUERY: SELECT playerid, name, cash, bankacc, adminlevel, donatorlvl, cop_licenses, coplevel, cop_gear, blacklist FROM players WHERE playerid='76561198203109908'"
23:52:57 "Time to complete: 0.0220032 (in seconds)"
23:52:57 "Result: ["76561198203109908","[AS] Apollo",429975,8.93524e+006,"5","5","[[`license_cop_cAir`,1],[`license_cop_cg`,1]]","1","[`U_B_CombatUniform_mcam_vest`,`V_PlateCarrier1_blk`,`B_Carryall_oucamo`,`G_Aviator`,`H_Beret_02`,[`ItemMap`,`ItemCompass`,`ItemWatch`,`ItemRadio`,`Binocular`],`arifle_MXM_Black_F`,`hgun_P07_F`,[],[`SmokeShellBlue`,`SmokeShell`,`30Rnd_65x39_caseless_mag`,`30Rnd_65x39_caseless_mag`,`30Rnd_65x39_caseless_mag`],[`Medikit`,`FirstAidKit`,`FirstAidKit`,`FirstAidKit`,`FirstAidKit`,`FirstAidKit`,`FirstAidKit`,`FirstAidKit`,`FirstAidKit`,`FirstAidKit`,`FirstAidKit`,`FirstAidKit`,`FirstAidKit`,`FirstAidKit`,`FirstAidKit`,`FirstAidKit`,`NVGoggles_OPFOR`],[`30Rnd_65x39_caseless_mag`,`30Rnd_65x39_caseless_mag`,`30Rnd_65x39_caseless_mag`,`30Rnd_65x39_caseless_mag`,`30Rnd_65x39_caseless_mag`,`30Rnd_65x39_caseless_mag`,`30Rnd_65x39_caseless_mag`,`30Rnd_65x39_caseless_mag`,`SmokeShell`,`30Rnd_65x39_caseless_mag`],[],[`30Rnd_65x39_caseless_mag`,`30Rnd_65x39_caseless_mag`,`30Rnd_65x39_caseless_mag`,`30Rn
23:52:57 "------------------------------------------------"
23:53:07 "extDB2: uiSleep [4]: 195.399"
23:53:07 "extDB2: uiSleep [4]: 195.399"
23:53:07 "extDB2: uiSleep [4]: 195.399"
23:53:07 "extDB2: uiSleep [4]: 195.399"
23:53:07 "extDB2: uiSleep [4]: 195.399"
23:53:07 "extDB2: uiSleep [4]: 195.399"
23:53:07 "extDB2: uiSleep [4]: 195.399"
23:53:07 "extDB2: uiSleep [4]: 195.399"
23:53:07 "extDB2: uiSleep [4]: 195.399"
23:53:07 "extDB2: uiSleep [4]: 195.399"
23:53:07 "extDB2: uiSleep [4]: 195.399"
23:53:07 "extDB2: uiSleep [4]: 195.399"
23:53:07 "extDB2: uiSleep [4]: 195.399"
23:53:07 "extDB2: uiSleep [4]: 195.399"
23:53:07 "extDB2: uiSleep [4]: 195.399"
23:53:07 "extDB2: uiSleep [4]: 195.399"
23:53:07 "extDB2: uiSleep [4]: 195.399"
23:53:07 "extDB2: uiSleep [4]: 195.399"
23:53:07 "extDB2: uiSleep [4]: 195.399"
23:53:07 "extDB2: uiSleep [4]: 195.399"
23:53:07 "extDB2: uiSleep [4]: 195.399"
23:53:07 "extDB2: uiSleep [4]: 195.399"
23:53:07 "extDB2: uiSleep [4]: 195.399"
23:53:07 "extDB2: uiSleep [4]: 195.399"
23:53:07 "extDB2: uiSleep [4]: 195.4"
23:53:07 "extDB2: uiSleep [4]: 195.4"
23:53:07 "extDB2: uiSleep [4]: 195.4"
23:53:07 "extDB2: uiSleep [4]: 195.4"
23:53:07 "extDB2: uiSleep [4]: 195.4"
23:53:07 "extDB2: uiSleep [4]: 195.4"
23:53:07 "extDB2: uiSleep [4]: 195.4"
23:53:07 "extDB2: uiSleep [4]: 195.4"
23:53:07 "extDB2: uiSleep [4]: 195.4"
23:53:07 "extDB2: uiSleep [4]: 195.4"
23:53:07 "extDB2: uiSleep [4]: 195.4"
23:53:07 "extDB2: uiSleep [4]: 195.4"
23:53:07 "extDB2: uiSleep [4]: 195.4"
23:53:07 "extDB2: uiSleep [4]: 195.4"
23:53:07 "extDB2: uiSleep [4]: 195.4"
23:53:07 "extDB2: uiSleep [4]: 195.4"
23:53:07 "extDB2: uiSleep [4]: 195.4"
23:53:07 "extDB2: uiSleep [4]: 195.4"
23:53:07 "extDB2: uiSleep [4]: 195.4"
23:53:07 "extDB2: uiSleep [4]: 195.4"
23:53:07 "extDB2: uiSleep [4]: 195.4"
23:53:07 "------------- Client Query Request -------------"
23:53:07 "QUERY: SELECT playerid, name, cash, bankacc, adminlevel, donatorlvl, cop_licenses, coplevel, cop_gear, blacklist FROM players WHERE playerid='76561198115192455'"
23:53:07 "Time to complete: 0.0200043 (in seconds)"
23:53:07 "Result: ["76561198115192455","Sgt. Lama",10,166000,"0","0","[[`license_cop_cAir`,1],[`license_cop_cg`,1]]","5","[`U_B_CombatUniform_mcam_vest`,`V_PlateCarrier1_blk`,`B_Bergen_blk`,`G_Aviator`,`H_Beret_02`,[`ItemMap`,`ItemCompass`,`ItemWatch`,`ItemGPS`],`arifle_MXM_Black_F`,`hgun_P07_snds_F`,[`FirstAidKit`,`FirstAidKit`],[`16Rnd_9x21_Mag`,`16Rnd_9x21_Mag`,`16Rnd_9x21_Mag`,`16Rnd_9x21_Mag`],[`ToolKit`,`FirstAidKit`,`FirstAidKit`,`FirstAidKit`,`FirstAidKit`,`FirstAidKit`,`FirstAidKit`,`FirstAidKit`,`FirstAidKit`,`NVGoggles_OPFOR`],[`30Rnd_65x39_caseless_mag`,`30Rnd_65x39_caseless_mag`,`30Rnd_65x39_caseless_mag`,`30Rnd_65x39_caseless_mag`,`30Rnd_65x39_caseless_mag`,`30Rnd_65x39_caseless_mag`,`30Rnd_65x39_caseless_mag`,`30Rnd_65x39_caseless_mag`,`30Rnd_65x39_caseless_mag`],[],[`30Rnd_65x39_caseless_mag`,`30Rnd_65x39_caseless_mag`,`16Rnd_9x21_Mag`,`30Rnd_65x39_caseless_mag`,`30Rnd_65x39_caseless_mag`,`30Rnd_65x39_caseless_mag`,`30Rnd_65x39_caseless_mag`,`30Rnd_65x39_caseless_mag`,`30Rnd_65x39_caseless_mag`,`30Rnd
23:53:07 "------------------------------------------------"
23:53:10 Server: Object 2:1072 not found (message Type_119)
23:53:10 Server: Object 2:1071 not found (message Type_119)
23:53:21 Unknown entity: ' Twist<br /></t>'
23:53:25 Unknown entity: ' Jupiter<br /></t>'
23:53:31 Error: Object(3 : 8) not found
23:53:32 Server: Object 2:1072 not found (message Type_91)
23:53:32 Server: Object 2:1071 not found (message Type_91)
23:53:38 "<infiSTAR.de> RequestToken: Sgt. Lama(76561198115192455) Requested a Token!   _clientID: 4"
23:53:38 "<infiSTAR.de>ConnectLog| 1028h 29min | Runtime: 28s | SENT TOKEN [row2o5f51kgmg0u43] TO ID [Sgt. Lama(76561198115192455) - 4] (v0228B)"
23:53:38 "<infiSTAR.de> server_setToken: SENT TOKEN [row2o5f51kgmg0u43] TO Sgt. Lama(76561198115192455)"
23:53:40 "<infiSTAR.de> RequestToken: [AS] Apollo(76561198203109908) Requested a Token!   _clientID: 3"
23:53:40 "<infiSTAR.de>ConnectLog| 1028h 29min | Runtime: 29s | SENT TOKEN [a0roucs4j8t5zssvpm] TO ID [[AS] Apollo(76561198203109908) - 3] (v0228B)"
23:53:40 "<infiSTAR.de> server_setToken: SENT TOKEN [a0roucs4j8t5zssvpm] TO [AS] Apollo(76561198203109908)"
23:53:41 "[Display #24]"
23:53:48 Server: Object 2:1072 not found (message Type_119)
23:53:49 Server: Object 2:1071 not found (message Type_119)
23:53:51 Server: Object 2:1072 not found (message Type_91)
23:53:51 Server: Object 2:1071 not found (message Type_91)
23:54:08 "<infiSTAR.de> ******ADMIN-LOGIN******: [AS] Apollo(76561198203109908) (v0228B)"
23:54:12 Server: Object 2:1072 not found (message Type_91)
23:54:12 Server: Object 2:1071 not found (message Type_91)
23:54:16 "extDB2: uiSleep [4]: 264.323"
23:54:16 "extDB2: uiSleep [4]: 264.323"
23:54:16 "extDB2: uiSleep [4]: 264.323"
23:54:16 "extDB2: uiSleep [4]: 264.323"
23:54:16 "extDB2: uiSleep [4]: 264.323"
23:54:16 "extDB2: uiSleep [4]: 264.323"
23:54:16 "extDB2: uiSleep [4]: 264.323"
23:54:16 "extDB2: uiSleep [4]: 264.323"
23:54:16 "extDB2: uiSleep [4]: 264.323"
23:54:16 "extDB2: uiSleep [4]: 264.323"
23:54:16 "extDB2: uiSleep [4]: 264.323"
23:54:16 "extDB2: uiSleep [4]: 264.323"
23:54:16 "extDB2: uiSleep [4]: 264.323"
23:54:16 "extDB2: uiSleep [4]: 264.323"
23:54:16 "extDB2: uiSleep [4]: 264.323"
23:54:16 "extDB2: uiSleep [4]: 264.323"
23:54:16 "extDB2: uiSleep [4]: 264.323"
23:54:16 "extDB2: uiSleep [4]: 264.323"
23:54:16 "extDB2: uiSleep [4]: 264.323"
23:54:16 "extDB2: uiSleep [4]: 264.323"
23:54:16 "extDB2: uiSleep [4]: 264.323"
23:54:16 "extDB2: uiSleep [4]: 264.323"
23:54:16 "extDB2: uiSleep [4]: 264.323"
23:54:16 "extDB2: uiSleep [4]: 264.323"
23:54:16 "extDB2: uiSleep [4]: 264.323"
23:54:17 Warning: Cleanup player - person 2:3 not found
23:54:23 Client: Local object 2:1082 not found
23:54:23 Server: Object info 2:1082 not found during Changing Owner
23:54:23 "extDB2: uiSleep [4]: 271.802"
23:54:23 "extDB2: uiSleep [4]: 271.802"
23:54:23 "extDB2: uiSleep [4]: 271.803"
23:54:23 "extDB2: uiSleep [4]: 271.803"
23:54:23 "extDB2: uiSleep [4]: 271.803"
23:54:23 "extDB2: uiSleep [4]: 271.803"
23:54:23 "extDB2: uiSleep [4]: 271.803"
23:54:23 "extDB2: uiSleep [4]: 271.803"
23:54:23 "extDB2: uiSleep [4]: 271.803"
23:54:23 "extDB2: uiSleep [4]: 271.803"
23:54:23 "extDB2: uiSleep [4]: 271.803"
23:54:23 "extDB2: uiSleep [4]: 271.803"
23:54:23 "extDB2: uiSleep [4]: 271.803"
23:54:23 "extDB2: uiSleep [4]: 271.803"
23:54:23 "extDB2: uiSleep [4]: 271.803"
23:54:23 "extDB2: uiSleep [4]: 271.803"
23:54:23 "extDB2: uiSleep [4]: 271.803"
23:54:23 "extDB2: uiSleep [4]: 271.803"
23:54:23 "extDB2: uiSleep [4]: 271.803"
23:54:23 "extDB2: uiSleep [4]: 271.803"
23:54:23 "extDB2: uiSleep [4]: 271.803"
23:54:23 "extDB2: uiSleep [4]: 271.803"
23:54:23 "extDB2: uiSleep [4]: 271.803"
23:54:23 "extDB2: uiSleep [4]: 271.803"
23:54:23 "extDB2: uiSleep [4]: 271.803"
23:54:23 "extDB2: uiSleep [4]: 271.803"
23:54:23 "extDB2: uiSleep [4]: 271.803"
23:54:23 "extDB2: uiSleep [4]: 271.803"
23:54:23 "extDB2: uiSleep [4]: 271.803"
23:54:23 "extDB2: uiSleep [4]: 271.803"
23:54:23 "extDB2: uiSleep [4]: 271.803"
23:54:23 "extDB2: uiSleep [4]: 271.803"
23:54:23 "extDB2: uiSleep [4]: 271.803"
23:54:23 "extDB2: uiSleep [4]: 271.803"
23:54:23 "extDB2: uiSleep [4]: 271.803"
23:54:23 "extDB2: uiSleep [4]: 271.803"
23:54:23 "extDB2: uiSleep [4]: 271.803"
23:54:23 "extDB2: uiSleep [4]: 271.803"
23:54:23 "extDB2: uiSleep [4]: 271.803"
23:54:23 "extDB2: uiSleep [4]: 271.803"
23:54:23 "extDB2: uiSleep [4]: 271.803"
23:54:23 "extDB2: uiSleep [4]: 271.803"
23:54:23 "extDB2: uiSleep [4]: 271.803"
23:54:23 "extDB2: uiSleep [4]: 271.803"
23:54:23 "extDB2: uiSleep [4]: 271.803"
23:54:23 "extDB2: uiSleep [4]: 271.803"
23:54:23 "extDB2: uiSleep [4]: 271.803"
23:54:23 "------------- Client Query Request -------------"
23:54:23 "QUERY: SELECT playerid, name, cash, bankacc, adminlevel, donatorlvl, civ_licenses, arrested, civ_gear FROM players WHERE playerid='76561198203109908'"
23:54:23 "Time to complete: 0.0200195 (in seconds)"
23:54:23 "Result: ["76561198203109908","[AS] Apollo",429975,8.93524e+006,"5","5","[[`license_civ_driver`,0],[`license_civ_boat`,0],[`license_civ_pilot`,0],[`license_civ_trucking`,0],[`license_civ_gun`,0],[`license_civ_dive`,0],[`license_civ_home`,0],[`license_civ_oil`,0],[`license_civ_diamond`,0],[`license_civ_salt`,0],[`license_civ_sand`,0],[`license_civ_iron`,0],[`license_civ_copper`,0],[`license_civ_cement`,0],[`license_civ_medmarijuana`,0],[`license_civ_cocaine`,0],[`license_civ_heroin`,0],[`license_civ_marijuana`,0],[`license_civ_rebel`,1]]",0,"[`U_Marshal`,``,`B_Carryall_oli`,``,``,[`ItemMap`,`ItemCompass`,`ItemWatch`],``,`hgun_Pistol_heavy_01_MRD_F`,[],[`30Rnd_556x45_Stanag`,`30Rnd_556x45_Stanag`,`11Rnd_45ACP_Mag`],[`H_Watchcap_sgg`,`H_PilotHelmetFighter_O`,`G_Bandanna_sport`,`V_PlateCarrier2_rgr`],[`30Rnd_556x45_Stanag`,`30Rnd_556x45_Stanag`,`30Rnd_556x45_Stanag`,`11Rnd_45ACP_Mag`,`11Rnd_45ACP_Mag`],[],[],[``,``,``,``],[``,``,`optic_MRD`,``],[]]"]"
23:54:23 "------------------------------------------------"
23:54:23 "extDB2: uiSleep [4]: 271.882"
23:54:23 "extDB2: uiSleep [4]: 271.882"
23:54:23 "extDB2: uiSleep [4]: 271.882"
23:54:23 "extDB2: uiSleep [4]: 271.882"
23:54:23 "extDB2: uiSleep [4]: 271.882"
23:54:23 "extDB2: uiSleep [4]: 271.882"
23:54:23 "extDB2: uiSleep [4]: 271.882"
23:54:23 "extDB2: uiSleep [4]: 271.882"
23:54:23 "extDB2: uiSleep [4]: 271.882"
23:54:23 "extDB2: uiSleep [4]: 271.882"
23:54:23 "extDB2: uiSleep [4]: 271.882"
23:54:23 "extDB2: uiSleep [4]: 271.882"
23:54:23 "extDB2: uiSleep [4]: 271.882"
23:54:23 "extDB2: uiSleep [4]: 271.882"
23:54:23 "extDB2: uiSleep [4]: 271.882"
23:54:23 "extDB2: uiSleep [4]: 271.882"
23:54:23 "extDB2: uiSleep [4]: 271.882"
23:54:23 "extDB2: uiSleep [4]: 271.882"
23:54:23 "extDB2: uiSleep [4]: 271.882"
23:54:23 "extDB2: uiSleep [4]: 271.882"
23:54:23 "extDB2: uiSleep [4]: 271.882"
23:54:23 "extDB2: uiSleep [4]: 271.882"
23:54:23 "extDB2: uiSleep [4]: 271.882"
23:54:23 "extDB2: uiSleep [4]: 271.882"
23:54:23 "extDB2: uiSleep [4]: 271.882"
23:54:23 "extDB2: uiSleep [4]: 271.882"
23:54:23 "extDB2: uiSleep [4]: 271.882"
23:54:23 "extDB2: uiSleep [4]: 271.882"
23:54:23 "extDB2: uiSleep [4]: 271.883"
23:54:23 "extDB2: uiSleep [4]: 271.883"
23:54:23 "extDB2: uiSleep [4]: 271.923"
23:54:23 "extDB2: uiSleep [4]: 271.923"
23:54:23 "extDB2: uiSleep [4]: 271.923"
23:54:23 "extDB2: uiSleep [4]: 271.923"
23:54:23 "extDB2: uiSleep [4]: 271.923"
23:54:23 "extDB2: uiSleep [4]: 271.923"
23:54:23 "extDB2: uiSleep [4]: 271.923"
23:54:23 "extDB2: uiSleep [4]: 271.923"
23:54:23 "extDB2: uiSleep [4]: 271.923"
23:54:23 "extDB2: uiSleep [4]: 271.923"
23:54:23 "extDB2: uiSleep [4]: 271.923"
23:54:23 "extDB2: uiSleep [4]: 271.923"
23:54:23 "extDB2: uiSleep [4]: 271.923"
23:54:23 "extDB2: uiSleep [4]: 271.923"
23:54:23 "extDB2: uiSleep [4]: 271.923"
23:54:23 "extDB2: uiSleep [4]: 271.923"
23:54:26 "<infiSTAR.de> RequestToken: [AS] Apollo(76561198203109908) Requested a Token!   _clientID: 3"
23:54:26 "<infiSTAR.de>ConnectLog| 1028h 29min | Runtime: 1m 16s | SENT TOKEN [a0roucs4j8t5zssvpm] TO ID [[AS] Apollo(76561198203109908) - 3] (v0228B)"
23:54:26 "<infiSTAR.de> RequestToken: [AS] Apollo(76561198203109908) TOKEN FOUND! SENT a0roucs4j8t5zssvpm TO OBJECT WITH NETID 2:1083"
23:54:32 "extDB2: uiSleep [4]: 280.588"
23:54:32 "extDB2: uiSleep [4]: 280.588"
23:54:32 "extDB2: uiSleep [4]: 280.588"
23:54:32 "extDB2: uiSleep [4]: 280.588"
23:54:32 "extDB2: uiSleep [4]: 280.588"
23:54:32 "extDB2: uiSleep [4]: 280.588"
23:54:32 "extDB2: uiSleep [4]: 280.588"
23:54:32 "extDB2: uiSleep [4]: 280.588"
23:54:32 "extDB2: uiSleep [4]: 280.588"
23:54:32 "extDB2: uiSleep [4]: 280.588"
23:54:32 "extDB2: uiSleep [4]: 280.588"
23:54:32 "extDB2: uiSleep [4]: 280.588"
23:54:32 "extDB2: uiSleep [4]: 280.588"
23:54:32 "extDB2: uiSleep [4]: 280.588"
23:54:32 "extDB2: uiSleep [4]: 280.588"
23:54:32 "extDB2: uiSleep [4]: 280.588"
23:54:32 "extDB2: uiSleep [4]: 280.588"
23:54:32 "extDB2: uiSleep [4]: 280.588"
23:54:32 "extDB2: uiSleep [4]: 280.588"
23:54:32 "extDB2: uiSleep [4]: 280.588"
23:54:32 "extDB2: uiSleep [4]: 280.588"
23:54:32 "extDB2: uiSleep [4]: 280.588"
23:54:32 "extDB2: uiSleep [4]: 280.588"
23:54:32 "extDB2: uiSleep [4]: 280.588"
23:54:32 "extDB2: uiSleep [4]: 280.588"
23:54:32 "extDB2: uiSleep [4]: 280.588"
23:54:32 "extDB2: uiSleep [4]: 280.588"
23:54:32 "extDB2: uiSleep [4]: 280.588"
23:54:32 "extDB2: uiSleep [4]: 280.588"
23:54:32 "extDB2: uiSleep [4]: 280.588"
23:54:32 "extDB2: uiSleep [4]: 280.588"
23:54:32 "extDB2: uiSleep [4]: 280.588"
23:54:32 "extDB2: uiSleep [4]: 280.588"
23:54:32 "extDB2: uiSleep [4]: 280.589"
23:54:32 "extDB2: uiSleep [4]: 280.589"
23:54:32 "extDB2: uiSleep [4]: 280.589"
23:54:32 "extDB2: uiSleep [4]: 280.589"
23:54:32 "extDB2: uiSleep [4]: 280.589"
23:54:32 "extDB2: uiSleep [4]: 280.589"
23:54:32 "extDB2: uiSleep [4]: 280.589"
23:57:26 "extDB2: uiSleep [4]: 454.349"
23:57:26 "extDB2: uiSleep [4]: 454.349"
23:57:26 "extDB2: uiSleep [4]: 454.349"
23:57:26 "extDB2: uiSleep [4]: 454.349"
23:57:26 "extDB2: uiSleep [4]: 454.349"
23:57:26 "extDB2: uiSleep [4]: 454.349"
23:57:26 "extDB2: uiSleep [4]: 454.349"
23:57:26 "------------- Client Query Request -------------"
23:57:26 "QUERY: SELECT id, side, classname, type, pid, alive, active, plate, color FROM vehicles WHERE pid='76561198115192455' AND alive='1' AND active='0' AND side='cop' AND type='Car'"
23:57:26 "Time to complete: 0.00299072 (in seconds)"
23:57:26 "Result: [[68,"cop","C_Hatchback_01_sport_F","Car","76561198115192455",1,0,142249,6],[71,"cop","C_SUV_01_F","Car","76561198115192455",1,0,476742,3],[103,"cop","C_Hatchback_01_sport_F","Car","76561198115192455",1,0,495566,6],[126,"cop","C_SUV_01_F","Car","76561198115192455",1,0,487990,3]]"
23:57:26 "------------------------------------------------"
23:57:30 "extDB2: uiSleep [4]: 458.613"
23:57:30 "extDB2: uiSleep [4]: 458.613"
23:57:30 "extDB2: uiSleep [4]: 458.613"
23:57:30 "extDB2: uiSleep [4]: 458.613"
23:57:30 "extDB2: uiSleep [4]: 458.613"
23:57:30 "extDB2: uiSleep [4]: 458.613"
23:57:30 "extDB2: uiSleep [4]: 458.613"
23:57:30 "extDB2: uiSleep [4]: 458.613"
23:57:30 "extDB2: uiSleep [4]: 458.613"
23:57:30 "extDB2: uiSleep [4]: 458.613"
23:57:30 "extDB2: uiSleep [4]: 458.613"
23:57:30 "extDB2: uiSleep [4]: 458.613"
23:57:30 "extDB2: uiSleep [4]: 458.613"
23:57:30 "extDB2: uiSleep [4]: 458.613"
23:57:30 "extDB2: uiSleep [4]: 458.613"
23:57:30 "extDB2: uiSleep [4]: 458.613"
23:57:30 "extDB2: uiSleep [4]: 458.613"
23:57:30 "extDB2: uiSleep [4]: 458.613"
23:57:30 "extDB2: uiSleep [4]: 458.613"
23:57:30 "extDB2: uiSleep [4]: 458.613"
23:57:30 "extDB2: uiSleep [4]: 458.613"
23:57:30 "extDB2: uiSleep [4]: 458.613"
23:57:30 "extDB2: uiSleep [4]: 458.613"
23:57:30 "extDB2: uiSleep [4]: 458.613"
23:57:30 "extDB2: uiSleep [4]: 458.613"
23:57:30 "extDB2: uiSleep [4]: 458.613"
23:57:30 "extDB2: uiSleep [4]: 458.613"
23:57:30 "extDB2: uiSleep [4]: 458.613"
23:57:30 "extDB2: uiSleep [4]: 458.613"
23:57:30 "extDB2: uiSleep [4]: 458.613"
23:57:30 "extDB2: uiSleep [4]: 458.613"
23:57:30 "extDB2: uiSleep [4]: 458.613"
23:57:30 "extDB2: uiSleep [4]: 458.613"
23:57:30 "extDB2: uiSleep [4]: 458.613"
23:57:30 "extDB2: uiSleep [4]: 458.613"
23:57:30 "extDB2: uiSleep [4]: 458.613"
23:57:30 "extDB2: uiSleep [4]: 458.613"
23:57:30 "extDB2: uiSleep [4]: 458.613"
23:57:30 "extDB2: uiSleep [4]: 458.614"
23:57:30 "extDB2: uiSleep [4]: 458.614"
23:57:30 "extDB2: uiSleep [4]: 458.614"
23:57:30 "extDB2: uiSleep [4]: 458.614"
23:57:30 "extDB2: uiSleep [4]: 458.614"
23:57:30 "extDB2: uiSleep [4]: 458.614"
23:57:30 "extDB2: uiSleep [4]: 458.614"
23:57:30 "extDB2: uiSleep [4]: 458.614"
23:57:30 "------------- Client Query Request -------------"
23:57:30 "QUERY: SELECT id, side, classname, type, pid, alive, active, plate, color FROM vehicles WHERE id='103' AND pid='76561198115192455'"
23:57:30 "Time to complete: 0.0190125 (in seconds)"
23:57:30 "Result: [103,"cop","C_Hatchback_01_sport_F","Car","76561198115192455",1,0,495566,6]"
23:57:30 "------------------------------------------------"
23:57:38 "<infiSTAR.de FNC_AH1567_KICKLOGSPAWN> ["row2o5f51kgmg0u43",["Sgt. Lama","76561198115192455","LVC",cop_6,"C_Hatchback_01_sport_F","032129"],"2:1073"]"
23:57:38 "<infiSTAR.de FNC_AH1567_KICKLOGSPAWN> Sgt. Lama(76561198115192455) Token row2o5f51kgmg0u43 - objByNetID cop_6"
 0:02:47 NetServer::SendMsg: cannot find channel #1714392861, users.card=1
 0:02:47 NetServer: users.get failed when sending to 1714392861
 0:02:47 Message not sent - error 0, message ID = ffffffff, to 1714392861 (ddias73)
 0:02:47 NetServer::SendMsg: cannot find channel #1714392861, users.card=1
 0:02:47 NetServer: users.get failed when sending to 1714392861
 0:02:47 Message not sent - error 0, message ID = ffffffff, to 1714392861 (ddias73)
 0:02:47 NetServer::SendMsg: cannot find channel #1714392861, users.card=1
 0:02:47 NetServer: users.get failed when sending to 1714392861
 0:02:47 Message not sent - error 0, message ID = ffffffff, to 1714392861 (ddias73)
 0:02:47 NetServer::SendMsg: cannot find channel #1714392861, users.card=1
 0:02:47 NetServer: users.get failed when sending to 1714392861
 0:02:47 Message not sent - error 0, message ID = ffffffff, to 1714392861 (ddias73)
 0:02:47 NetServer::SendMsg: cannot find channel #1714392861, users.card=1
 0:02:47 NetServer: users.get failed when sending to 1714392861
 0:02:47 Message not sent - error 0, message ID = ffffffff, to 1714392861 (ddias73)
 0:02:47 NetServer::SendMsg: cannot find channel #1714392861, users.card=1
 0:02:47 NetServer: users.get failed when sending to 1714392861
 0:02:47 Message not sent - error 0, message ID = ffffffff, to 1714392861 (ddias73)
 0:02:47 NetServer::SendMsg: cannot find channel #1714392861, users.card=1
 0:02:47 NetServer: users.get failed when sending to 1714392861
 0:02:47 Message not sent - error 0, message ID = ffffffff, to 1714392861 (ddias73)
 0:02:47 NetServer::SendMsg: cannot find channel #1714392861, users.card=1
 0:02:47 NetServer: users.get failed when sending to 1714392861
 0:02:47 Message not sent - error 0, message ID = ffffffff, to 1714392861 (ddias73)
 0:02:47 NetServer::SendMsg: cannot find channel #1714392861, users.card=1
 0:02:47 NetServer: users.get failed when sending to 1714392861
 0:02:47 Message not sent - error 0, message ID = ffffffff, to 1714392861 (ddias73)
 0:02:47 NetServer::SendMsg: cannot find channel #1714392861, users.card=1
 0:02:47 NetServer: users.get failed when sending to 1714392861
 0:02:47 Message not sent - error 0, message ID = ffffffff, to 1714392861 (ddias73)
 0:02:47 NetServer::SendMsg: cannot find channel #1714392861, users.card=1
 0:02:47 NetServer: users.get failed when sending to 1714392861
 0:02:47 Message not sent - error 0, message ID = ffffffff, to 1714392861 (ddias73)
 0:02:47 NetServer::SendMsg: cannot find channel #1714392861, users.card=1
 0:02:47 NetServer: users.get failed when sending to 1714392861
 0:02:47 Message not sent - error 0, message ID = ffffffff, to 1714392861 (ddias73)
 0:02:47 NetServer::SendMsg: cannot find channel #1714392861, users.card=1
 0:02:47 NetServer: users.get failed when sending to 1714392861
 0:02:47 Message not sent - error 0, message ID = ffffffff, to 1714392861 (ddias73)
 0:02:47 NetServer::SendMsg: cannot find channel #1714392861, users.card=1
 0:02:47 NetServer: users.get failed when sending to 1714392861
 0:02:47 Message not sent - error 0, message ID = ffffffff, to 1714392861 (ddias73)
 0:02:47 NetServer::SendMsg: cannot find channel #1714392861, users.card=1
 0:02:47 NetServer: users.get failed when sending to 1714392861
 0:02:47 Message not sent - error 0, message ID = ffffffff, to 1714392861 (ddias73)
 0:02:47 NetServer::SendMsg: cannot find channel #1714392861, users.card=1
 0:02:47 NetServer: users.get failed when sending to 1714392861
 0:02:47 Message not sent - error 0, message ID = ffffffff, to 1714392861 (ddias73)
 0:02:47 NetServer::SendMsg: cannot find channel #1714392861, users.card=1
 0:02:47 NetServer: users.get failed when sending to 1714392861
 0:02:47 Message not sent - error 0, message ID = ffffffff, to 1714392861 (ddias73)
 0:02:47 NetServer::SendMsg: cannot find channel #1714392861, users.card=1
 0:02:47 NetServer: users.get failed when sending to 1714392861
 0:02:47 Message not sent - error 0, message ID = ffffffff, to 1714392861 (ddias73)
 0:02:47 NetServer::SendMsg: cannot find channel #1714392861, users.card=1
 0:02:47 NetServer: users.get failed when sending to 1714392861
 0:02:47 Message not sent - error 0, message ID = ffffffff, to 1714392861 (ddias73)
 0:02:47 NetServer::SendMsg: cannot find channel #1714392861, users.card=1
 0:02:47 NetServer: users.get failed when sending to 1714392861
 0:02:47 Message not sent - error 0, message ID = ffffffff, to 1714392861 (ddias73)
 0:02:47 NetServer::SendMsg: cannot find channel #1714392861, users.card=1
 0:02:47 NetServer: users.get failed when sending to 1714392861
 0:02:47 Message not sent - error 0, message ID = ffffffff, to 1714392861 (ddias73)
 0:02:47 NetServer::SendMsg: cannot find channel #1714392861, users.card=1
 0:02:47 NetServer: users.get failed when sending to 1714392861
 0:02:47 Message not sent - error 0, message ID = ffffffff, to 1714392861 (ddias73)
 0:02:47 NetServer::SendMsg: cannot find channel #1714392861, users.card=1
 0:02:47 NetServer: users.get failed when sending to 1714392861
 0:02:47 Message not sent - error 0, message ID = ffffffff, to 1714392861 (ddias73)
 0:02:47 NetServer::SendMsg: cannot find channel #1714392861, users.card=1
 0:02:47 NetServer: users.get failed when sending to 1714392861
 0:02:47 Message not sent - error 0, message ID = ffffffff, to 1714392861 (ddias73)
 0:02:47 NetServer::SendMsg: cannot find channel #1714392861, users.card=1
 0:02:47 NetServer: users.get failed when sending to 1714392861
 0:02:47 Message not sent - error 0, message ID = ffffffff, to 1714392861 (ddias73)
 0:02:47 NetServer::SendMsg: cannot find channel #1714392861, users.card=1
 0:02:47 NetServer: users.get failed when sending to 1714392861
 0:02:47 Message not sent - error 0, message ID = ffffffff, to 1714392861 (ddias73)
 0:02:47 NetServer::SendMsg: cannot find channel #1714392861, users.card=1
 0:02:47 NetServer: users.get failed when sending to 1714392861
 0:02:47 Message not sent - error 0, message ID = ffffffff, to 1714392861 (ddias73)
 0:02:47 NetServer::SendMsg: cannot find channel #1714392861, users.card=1
 0:02:47 NetServer: users.get failed when sending to 1714392861
 0:02:47 Message not sent - error 0, message ID = ffffffff, to 1714392861 (ddias73)
 0:02:47 NetServer::SendMsg: cannot find channel #1714392861, users.card=1
 0:02:47 NetServer: users.get failed when sending to 1714392861
 0:02:47 Message not sent - error 0, message ID = ffffffff, to 1714392861 (ddias73)
 0:02:47 NetServer::SendMsg: cannot find channel #1714392861, users.card=1
 0:02:47 NetServer: users.get failed when sending to 1714392861
 0:02:47 Message not sent - error 0, message ID = ffffffff, to 1714392861 (ddias73)
 0:02:47 NetServer::SendMsg: cannot find channel #1714392861, users.card=1
 0:02:47 NetServer: users.get failed when sending to 1714392861
 0:02:47 Message not sent - error 0, message ID = ffffffff, to 1714392861 (ddias73)
 0:02:47 NetServer::SendMsg: cannot find channel #1714392861, users.card=1
 0:02:47 NetServer: users.get failed when sending to 1714392861
 0:02:47 Message not sent - error 0, message ID = ffffffff, to 1714392861 (ddias73)
 0:02:47 NetServer::SendMsg: cannot find channel #1714392861, users.card=1
 0:02:47 NetServer: users.get failed when sending to 1714392861
 0:02:47 Message not sent - error 0, message ID = ffffffff, to 1714392861 (ddias73)
 0:02:47 NetServer::SendMsg: cannot find channel #1714392861, users.card=1
 0:02:47 NetServer: users.get failed when sending to 1714392861
 0:02:47 Message not sent - error 0, message ID = ffffffff, to 1714392861 (ddias73)
 0:02:47 NetServer::SendMsg: cannot find channel #1714392861, users.card=1
 0:02:47 NetServer: users.get failed when sending to 1714392861
 0:02:47 Message not sent - error 0, message ID = ffffffff, to 1714392861 (ddias73)
 0:02:47 NetServer::SendMsg: cannot find channel #1714392861, users.card=1
 0:02:47 NetServer: users.get failed when sending to 1714392861
 0:02:47 Message not sent - error 0, message ID = ffffffff, to 1714392861 (ddias73)
 0:02:47 NetServer::SendMsg: cannot find channel #1714392861, users.card=1
 0:02:47 NetServer: users.get failed when sending to 1714392861
 0:02:47 Message not sent - error 0, message ID = ffffffff, to 1714392861 (ddias73)
 0:02:47 NetServer::SendMsg: cannot find channel #1714392861, users.card=1
 0:02:47 NetServer: users.get failed when sending to 1714392861
 0:02:47 Message not sent - error 0, message ID = ffffffff, to 1714392861 (ddias73)
 0:02:47 NetServer::SendMsg: cannot find channel #1714392861, users.card=1
 0:02:47 NetServer: users.get failed when sending to 1714392861
 0:02:47 Message not sent - error 0, message ID = ffffffff, to 1714392861 (ddias73)
 0:02:47 NetServer::SendMsg: cannot find channel #1714392861, users.card=1
 0:02:47 NetServer: users.get failed when sending to 1714392861
 0:02:47 Message not sent - error 0, message ID = ffffffff, to 1714392861 (ddias73)
 0:02:47 NetServer::SendMsg: cannot find channel #1714392861, users.card=1
 0:02:47 NetServer: users.get failed when sending to 1714392861
 0:02:47 Message not sent - error 0, message ID = ffffffff, to 1714392861 (ddias73)
 0:02:47 NetServer::SendMsg: cannot find channel #1714392861, users.card=1
 0:02:47 NetServer: users.get failed when sending to 1714392861
 0:02:47 Message not sent - error 0, message ID = ffffffff, to 1714392861 (ddias73)
 0:02:47 NetServer::SendMsg: cannot find channel #1714392861, users.card=1
 0:02:47 NetServer: users.get failed when sending to 1714392861
 0:02:47 Message not sent - error 0, message ID = ffffffff, to 1714392861 (ddias73)
 0:02:47 NetServer::SendMsg: cannot find channel #1714392861, users.card=1
 0:02:47 NetServer: users.get failed when sending to 1714392861
 0:02:47 Message not sent - error 0, message ID = ffffffff, to 1714392861 (ddias73)
 0:02:47 NetServer::SendMsg: cannot find channel #1714392861, users.card=1
 0:02:47 NetServer: users.get failed when sending to 1714392861
 0:02:47 Message not sent - error 0, message ID = ffffffff, to 1714392861 (ddias73)
 0:02:47 NetServer::SendMsg: cannot find channel #1714392861, users.card=1
 0:02:47 NetServer: users.get failed when sending to 1714392861
 0:02:47 Message not sent - error 0, message ID = ffffffff, to 1714392861 (ddias73)
 0:02:47 NetServer::SendMsg: cannot find channel #1714392861, users.card=1
 0:02:47 NetServer: users.get failed when sending to 1714392861
 0:02:47 Message not sent - error 0, message ID = ffffffff, to 1714392861 (ddias73)
 0:02:47 NetServer::SendMsg: cannot find channel #1714392861, users.card=1
 0:02:47 NetServer: users.get failed when sending to 1714392861
 0:02:47 Message not sent - error 0, message ID = ffffffff, to 1714392861 (ddias73)
 0:02:47 NetServer::SendMsg: cannot find channel #1714392861, users.card=1
 0:02:47 NetServer: users.get failed when sending to 1714392861
 0:02:47 Message not sent - error 0, message ID = ffffffff, to 1714392861 (ddias73)
 0:02:47 NetServer::SendMsg: cannot find channel #1714392861, users.card=1
 0:02:47 NetServer: users.get failed when sending to 1714392861
 0:02:47 Message not sent - error 0, message ID = ffffffff, to 1714392861 (ddias73)
 0:02:47 NetServer::SendMsg: cannot find channel #1714392861, users.card=1
 0:02:47 NetServer: users.get failed when sending to 1714392861
 0:02:47 Message not sent - error 0, message ID = ffffffff, to 1714392861 (ddias73)
 0:02:47 NetServer::SendMsg: cannot find channel #1714392861, users.card=1
 0:02:47 NetServer: users.get failed when sending to 1714392861
 0:02:47 Message not sent - error 0, message ID = ffffffff, to 1714392861 (ddias73)
 0:02:47 NetServer::SendMsg: cannot find channel #1714392861, users.card=1
 0:02:47 NetServer: users.get failed when sending to 1714392861
 0:02:47 Message not sent - error 0, message ID = ffffffff, to 1714392861 (ddias73)
 0:02:47 NetServer::SendMsg: cannot find channel #1714392861, users.card=1
 0:02:47 NetServer: users.get failed when sending to 1714392861
 0:02:47 Message not sent - error 0, message ID = ffffffff, to 1714392861 (ddias73)
 0:02:47 NetServer::SendMsg: cannot find channel #1714392861, users.card=1
 0:02:47 NetServer: users.get failed when sending to 1714392861
 0:02:47 Message not sent - error 0, message ID = ffffffff, to 1714392861 (ddias73)
 0:02:47 NetServer::SendMsg: cannot find channel #1714392861, users.card=1
 0:02:47 NetServer: users.get failed when sending to 1714392861
 0:02:47 Message not sent - error 0, message ID = ffffffff, to 1714392861 (ddias73)
 0:02:47 NetServer::SendMsg: cannot find channel #1714392861, users.card=1
 0:02:47 NetServer: users.get failed when sending to 1714392861
 0:02:47 Message not sent - error 0, message ID = ffffffff, to 1714392861 (ddias73)
 0:02:47 NetServer::SendMsg: cannot find channel #1714392861, users.card=1
 0:02:47 NetServer: users.get failed when sending to 1714392861
 0:02:47 Message not sent - error 0, message ID = ffffffff, to 1714392861 (ddias73)
 0:02:47 NetServer::SendMsg: cannot find channel #1714392861, users.card=1
 0:02:47 NetServer: users.get failed when sending to 1714392861
 0:02:47 Message not sent - error 0, message ID = ffffffff, to 1714392861 (ddias73)
 0:02:47 NetServer::SendMsg: cannot find channel #1714392861, users.card=1
 0:02:47 NetServer: users.get failed when sending to 1714392861
 0:02:47 Message not sent - error 0, message ID = ffffffff, to 1714392861 (ddias73)
 0:02:47 NetServer::SendMsg: cannot find channel #1714392861, users.card=1
 0:02:47 NetServer: users.get failed when sending to 1714392861
 0:02:47 Message not sent - error 0, message ID = ffffffff, to 1714392861 (ddias73)
 0:02:47 NetServer::SendMsg: cannot find channel #1714392861, users.card=1
 0:02:47 NetServer: users.get failed when sending to 1714392861
 0:02:47 Message not sent - error 0, message ID = ffffffff, to 1714392861 (ddias73)
 0:02:47 NetServer::SendMsg: cannot find channel #1714392861, users.card=1
 0:02:47 NetServer: users.get failed when sending to 1714392861
 0:02:47 Message not sent - error 0, message ID = ffffffff, to 1714392861 (ddias73)
 0:02:47 NetServer::SendMsg: cannot find channel #1714392861, users.card=1
 0:02:47 NetServer: users.get failed when sending to 1714392861
 0:02:47 Message not sent - error 0, message ID = ffffffff, to 1714392861 (ddias73)
 0:02:47 NetServer::SendMsg: cannot find channel #1714392861, users.card=1
 0:02:47 NetServer: users.get failed when sending to 1714392861
 0:02:47 Message not sent - error 0, message ID = ffffffff, to 1714392861 (ddias73)
 0:11:10 "extDB2: uiSleep [4]: 1278.45"
 0:11:10 "extDB2: uiSleep [4]: 1278.45"
 0:11:10 "extDB2: uiSleep [4]: 1278.45"
 0:11:10 "extDB2: uiSleep [4]: 1278.45"
 0:11:10 "extDB2: uiSleep [4]: 1278.45"
 0:11:10 "extDB2: uiSleep [4]: 1278.45"
 0:11:10 "extDB2: uiSleep [4]: 1278.45"
 0:11:10 "extDB2: uiSleep [4]: 1278.45"
 0:11:10 "extDB2: uiSleep [4]: 1278.45"
 0:11:10 "extDB2: uiSleep [4]: 1278.45"
 0:11:10 "extDB2: uiSleep [4]: 1278.45"
 0:11:10 "extDB2: uiSleep [4]: 1278.45"
 0:11:10 "extDB2: uiSleep [4]: 1278.45"
 0:11:10 "extDB2: uiSleep [4]: 1278.45"
 0:11:10 "extDB2: uiSleep [4]: 1278.45"
 0:11:10 "extDB2: uiSleep [4]: 1278.45"
 0:11:10 "extDB2: uiSleep [4]: 1278.45"
 0:11:10 "extDB2: uiSleep [4]: 1278.45"
 0:11:10 "extDB2: uiSleep [4]: 1278.45"
 0:11:10 "extDB2: uiSleep [4]: 1278.45"
 0:11:10 "extDB2: uiSleep [4]: 1278.45"
 0:11:10 "extDB2: uiSleep [4]: 1278.45"
 0:11:10 "extDB2: uiSleep [4]: 1278.45"
 0:11:10 "extDB2: uiSleep [4]: 1278.45"
 0:11:10 "extDB2: uiSleep [4]: 1278.45"
 0:11:10 "extDB2: uiSleep [4]: 1278.45"
 0:11:10 "extDB2: uiSleep [4]: 1278.45"
 0:11:10 "extDB2: uiSleep [4]: 1278.45"
 0:11:10 "extDB2: uiSleep [4]: 1278.45"
 0:11:10 "extDB2: uiSleep [4]: 1278.45"
 0:11:10 "extDB2: uiSleep [4]: 1278.45"
 0:11:10 "extDB2: uiSleep [4]: 1278.45"
 0:11:10 "extDB2: uiSleep [4]: 1278.45"
 0:11:10 "extDB2: uiSleep [4]: 1278.45"
 0:11:10 "extDB2: uiSleep [4]: 1278.45"
 0:11:10 "extDB2: uiSleep [4]: 1278.45"
 0:11:10 "extDB2: uiSleep [4]: 1278.45"
 0:11:10 "extDB2: uiSleep [4]: 1278.45"
 0:11:10 "extDB2: uiSleep [4]: 1278.45"
 0:11:10 "extDB2: uiSleep [4]: 1278.45"
 0:11:10 "extDB2: uiSleep [4]: 1278.45"
 0:11:10 "extDB2: uiSleep [4]: 1278.45"
 0:11:10 "extDB2: uiSleep [4]: 1278.45"
 0:11:10 "extDB2: uiSleep [4]: 1278.45"
 0:11:10 "extDB2: uiSleep [4]: 1278.45"
 0:11:10 "extDB2: uiSleep [4]: 1278.45"
 0:11:10 "extDB2: uiSleep [4]: 1278.45"
 0:11:10 "extDB2: uiSleep [4]: 1278.45"
 0:11:10 "extDB2: uiSleep [4]: 1278.45"
 0:11:10 "extDB2: uiSleep [4]: 1278.45"
 0:11:10 "------------- Client Query Request -------------"
 0:11:10 "QUERY: SELECT id, side, classname, type, pid, alive, active, plate, color FROM vehicles WHERE pid='76561198115192455' AND alive='1' AND active='0' AND side='cop' AND type='Car'"
 0:11:10 "Time to complete: 0.00402832 (in seconds)"
 0:11:10 "Result: [[68,"cop","C_Hatchback_01_sport_F","Car","76561198115192455",1,0,142249,6],[71,"cop","C_SUV_01_F","Car","76561198115192455",1,0,476742,3],[103,"cop","C_Hatchback_01_sport_F","Car","76561198115192455",1,0,495566,6],[126,"cop","C_SUV_01_F","Car","76561198115192455",1,0,487990,3]]"
 0:11:10 "------------------------------------------------"
 0:11:13 "extDB2: uiSleep [4]: 1281.82"
 0:11:13 "extDB2: uiSleep [4]: 1281.82"
 0:11:13 "extDB2: uiSleep [4]: 1281.82"
 0:11:13 "extDB2: uiSleep [4]: 1281.82"
 0:11:13 "extDB2: uiSleep [4]: 1281.82"
 0:11:13 "extDB2: uiSleep [4]: 1281.82"
 0:11:13 "extDB2: uiSleep [4]: 1281.82"
 0:11:13 "extDB2: uiSleep [4]: 1281.82"
 0:11:13 "extDB2: uiSleep [4]: 1281.82"
 0:11:13 "extDB2: uiSleep [4]: 1281.82"
 0:11:13 "extDB2: uiSleep [4]: 1281.82"
 0:11:13 "extDB2: uiSleep [4]: 1281.82"
 0:11:13 "extDB2: uiSleep [4]: 1281.82"
 0:11:13 "extDB2: uiSleep [4]: 1281.82"
 0:11:13 "extDB2: uiSleep [4]: 1281.82"
 0:11:13 "extDB2: uiSleep [4]: 1281.82"
 0:11:13 "extDB2: uiSleep [4]: 1281.82"
 0:11:13 "extDB2: uiSleep [4]: 1281.82"
 0:11:13 "extDB2: uiSleep [4]: 1281.82"
 0:11:13 "extDB2: uiSleep [4]: 1281.82"
 0:11:13 "extDB2: uiSleep [4]: 1281.82"
 0:11:13 "extDB2: uiSleep [4]: 1281.82"
 0:11:13 "extDB2: uiSleep [4]: 1281.82"
 0:11:13 "extDB2: uiSleep [4]: 1281.82"
 0:11:13 "extDB2: uiSleep [4]: 1281.82"
 0:11:13 "extDB2: uiSleep [4]: 1281.82"
 0:11:13 "extDB2: uiSleep [4]: 1281.82"
 0:11:13 "extDB2: uiSleep [4]: 1281.82"
 0:11:13 "extDB2: uiSleep [4]: 1281.82"
 0:11:13 "extDB2: uiSleep [4]: 1281.82"
 0:11:13 "extDB2: uiSleep [4]: 1281.82"
 0:11:13 "extDB2: uiSleep [4]: 1281.82"
 0:11:13 "extDB2: uiSleep [4]: 1281.82"
 0:11:13 "extDB2: uiSleep [4]: 1281.82"
 0:11:13 "extDB2: uiSleep [4]: 1281.82"
 0:11:13 "extDB2: uiSleep [4]: 1281.82"
 0:11:13 "extDB2: uiSleep [4]: 1281.82"
 0:11:13 "extDB2: uiSleep [4]: 1281.82"
 0:11:13 "extDB2: uiSleep [4]: 1281.82"
 0:11:13 "extDB2: uiSleep [4]: 1281.82"
 0:11:13 "extDB2: uiSleep [4]: 1281.82"
 0:11:13 "extDB2: uiSleep [4]: 1281.82"
 0:11:13 "extDB2: uiSleep [4]: 1281.82"
 0:11:13 "extDB2: uiSleep [4]: 1281.82"
 0:11:13 "extDB2: uiSleep [4]: 1281.82"
 0:11:13 "extDB2: uiSleep [4]: 1281.82"
 0:11:13 "------------- Client Query Request -------------"
 0:11:13 "QUERY: SELECT id, side, classname, type, pid, alive, active, plate, color FROM vehicles WHERE id='103' AND pid='76561198115192455'"
 0:11:13 "Time to complete: 0.0200195 (in seconds)"
 0:11:13 "Result: [103,"cop","C_Hatchback_01_sport_F","Car","76561198115192455",1,0,495566,6]"
 0:11:13 "------------------------------------------------"
 0:13:19 Client: Local object 2:1091 not found
 0:13:19 Server: Object info 2:1091 not found during Changing Owner
 0:13:24 "extDB2: uiSleep [4]: 1412.06"
 0:13:24 "extDB2: uiSleep [4]: 1412.06"
 0:13:24 "extDB2: uiSleep [4]: 1412.06"
 0:13:24 "extDB2: uiSleep [4]: 1412.06"
 0:13:24 "extDB2: uiSleep [4]: 1412.06"
 0:13:24 "extDB2: uiSleep [4]: 1412.06"
 0:13:24 "extDB2: uiSleep [4]: 1412.06"
 0:13:24 "extDB2: uiSleep [4]: 1412.06"
 0:13:24 "extDB2: uiSleep [4]: 1412.06"
 0:13:24 "extDB2: uiSleep [4]: 1412.06"
 0:13:24 "extDB2: uiSleep [4]: 1412.06"
 0:13:24 "extDB2: uiSleep [4]: 1412.06"
 0:13:24 "extDB2: uiSleep [4]: 1412.06"
 0:13:24 "extDB2: uiSleep [4]: 1412.06"
 0:13:24 "extDB2: uiSleep [4]: 1412.06"
 0:13:24 "extDB2: uiSleep [4]: 1412.06"
 0:13:24 "extDB2: uiSleep [4]: 1412.06"
 0:13:24 "extDB2: uiSleep [4]: 1412.06"
 0:13:24 "extDB2: uiSleep [4]: 1412.06"
 0:13:24 "extDB2: uiSleep [4]: 1412.06"
 0:13:24 "extDB2: uiSleep [4]: 1412.06"
 0:13:24 "extDB2: uiSleep [4]: 1412.06"
 0:13:24 "extDB2: uiSleep [4]: 1412.06"
 0:13:24 "extDB2: uiSleep [4]: 1412.06"
 0:13:24 "extDB2: uiSleep [4]: 1412.06"
 0:13:24 "extDB2: uiSleep [4]: 1412.06"
 0:13:24 "extDB2: uiSleep [4]: 1412.06"
 0:13:24 "extDB2: uiSleep [4]: 1412.06"
 0:13:24 "extDB2: uiSleep [4]: 1412.06"
 0:13:24 "extDB2: uiSleep [4]: 1412.06"
 0:13:24 "extDB2: uiSleep [4]: 1412.06"
 0:13:24 "extDB2: uiSleep [4]: 1412.06"
 0:13:24 "extDB2: uiSleep [4]: 1412.06"
 0:13:24 "extDB2: uiSleep [4]: 1412.06"
 0:13:24 "extDB2: uiSleep [4]: 1412.06"
 0:13:24 "extDB2: uiSleep [4]: 1412.06"
 0:13:24 "extDB2: uiSleep [4]: 1412.06"
 0:13:24 "------------- Client Query Request -------------"
 0:13:24 "QUERY: SELECT playerid, name, cash, bankacc, adminlevel, donatorlvl, civ_licenses, arrested, civ_gear FROM players WHERE playerid='76561198097724915'"
 0:13:24 "Time to complete: 0.000976563 (in seconds)"
 0:13:24 "Result: ["76561198097724915","ReFlexiz",0,222752,"0","0","[[`license_civ_driver`,1],[`license_civ_boat`,0],[`license_civ_pilot`,1],[`license_civ_trucking`,0],[`license_civ_gun`,0],[`license_civ_dive`,0],[`license_civ_home`,0],[`license_civ_oil`,0],[`license_civ_diamond`,0],[`license_civ_salt`,0],[`license_civ_sand`,0],[`license_civ_iron`,0],[`license_civ_copper`,0],[`license_civ_cement`,0],[`license_civ_medmarijuana`,0],[`license_civ_cocaine`,0],[`license_civ_heroin`,0],[`license_civ_marijuana`,0],[`license_civ_rebel`,1]]",0,"[`U_C_Poloshirt_stripped`,``,``,`G_Aviator`,``,[`ItemMap`,`ItemCompass`,`ItemWatch`],``,``,[],[],[],[],[],[],[``,``,``,``],[``,``,``,``],[]]"]"
 0:13:24 "------------------------------------------------"
 0:13:24 "extDB2: uiSleep [4]: 1412.12"
 0:13:24 "extDB2: uiSleep [4]: 1412.16"
 0:13:24 "extDB2: uiSleep [4]: 1412.16"
 0:13:24 "extDB2: uiSleep [4]: 1412.16"
 0:13:24 "extDB2: uiSleep [4]: 1412.16"
 0:13:24 "extDB2: uiSleep [4]: 1412.16"
 0:13:24 "extDB2: uiSleep [4]: 1412.16"
 0:13:24 "extDB2: uiSleep [4]: 1412.16"
 0:13:24 "extDB2: uiSleep [4]: 1412.16"
 0:13:24 "extDB2: uiSleep [4]: 1412.16"
 0:13:24 "extDB2: uiSleep [4]: 1412.16"
 0:13:24 "extDB2: uiSleep [4]: 1412.16"
 0:13:24 "extDB2: uiSleep [4]: 1412.16"
 0:13:24 "extDB2: uiSleep [4]: 1412.16"
 0:13:24 "extDB2: uiSleep [4]: 1412.16"
 0:13:24 "extDB2: uiSleep [4]: 1412.16"
 0:13:24 "extDB2: uiSleep [4]: 1412.16"
 0:13:24 "extDB2: uiSleep [4]: 1412.16"
 0:13:24 "extDB2: uiSleep [4]: 1412.16"
 0:13:24 "extDB2: uiSleep [4]: 1412.16"
 0:13:24 "extDB2: uiSleep [4]: 1412.16"
 0:13:24 "extDB2: uiSleep [4]: 1412.16"
 0:13:24 "extDB2: uiSleep [4]: 1412.16"
 0:13:24 "extDB2: uiSleep [4]: 1412.16"
 0:13:24 "extDB2: uiSleep [4]: 1412.16"
 0:13:24 "extDB2: uiSleep [4]: 1412.16"
 0:13:24 "extDB2: uiSleep [4]: 1412.16"
 0:13:24 "extDB2: uiSleep [4]: 1412.16"
 0:13:24 "extDB2: uiSleep [4]: 1412.16"
 0:13:24 "extDB2: uiSleep [4]: 1412.16"
 0:13:24 "extDB2: uiSleep [4]: 1412.16"
 0:13:24 "extDB2: uiSleep [4]: 1412.16"
 0:13:24 "extDB2: uiSleep [4]: 1412.16"
 0:13:24 "extDB2: uiSleep [4]: 1412.16"
 0:13:24 "extDB2: uiSleep [4]: 1412.16"
 0:13:24 "extDB2: uiSleep [4]: 1412.16"
 0:13:24 "extDB2: uiSleep [4]: 1412.16"
 0:13:24 "extDB2: uiSleep [4]: 1412.16"
 0:13:24 "extDB2: uiSleep [4]: 1412.16"
 0:13:24 "extDB2: uiSleep [4]: 1412.16"
 0:13:24 "extDB2: uiSleep [4]: 1412.16"
 0:13:24 "<infiSTAR.de> RequestToken: ReFlexiz(76561198097724915) Requested a Token!   _clientID: 6"
 0:13:24 "<infiSTAR.de>ConnectLog| 0h 23min | Runtime: 20m 14s | SENT TOKEN [immazmxpqtmwm2c2jcr] TO ID [ReFlexiz(76561198097724915) - 6] (v0228B)"
 0:13:24 "<infiSTAR.de> server_setToken: SENT TOKEN [immazmxpqtmwm2c2jcr] TO ReFlexiz(76561198097724915)"
 0:13:24 Error: Object(6 : 2) not found
 0:13:53 Server: Object 3:16 not found (message Type_91)
 0:13:53 Server: Object 3:18 not found (message Type_91)
